#
# There is insufficient memory for the Java Runtime Environment to continue.
# Native memory allocation (mmap) failed to map 72876032 bytes for committing reserved memory.
# Possible reasons:
#   The system is out of physical RAM or swap space
#   The process is running with CompressedOops enabled, and the Java Heap may be blocking the growth of the native heap
# Possible solutions:
#   Reduce memory load on the system
#   Increase physical memory or swap space
#   Check if swap backing store is full
#   Decrease Java heap size (-Xmx/-Xms)
#   Decrease number of Java threads
#   Decrease Java thread stack sizes (-Xss)
#   Set larger code cache with -XX:ReservedCodeCacheSize=
#   JVM is running with Unscaled Compressed Oops mode in which the Java heap is
#     placed in the first 4GB address space. The Java Heap base address is the
#     maximum limit for the native heap growth. Please use -XX:HeapBaseMinAddress
#     to set the Java Heap base and to place the Java Heap above 4GB virtual address.
# This output file may be truncated or incomplete.
#
#  Out of Memory Error (os_linux.cpp:2749), pid=7547, tid=0x00007fb4648de700
#
# JRE version: Java(TM) SE Runtime Environment (8.0_221-b11) (build 1.8.0_221-b11)
# Java VM: Java HotSpot(TM) 64-Bit Server VM (25.221-b11 mixed mode linux-amd64 compressed oops)
# Failed to write core dump. Core dumps have been disabled. To enable core dumping, try "ulimit -c unlimited" before starting Java again
#

---------------  T H R E A D  ---------------

Current thread (0x00007fb46007e800):  VMThread [stack: 0x00007fb4647df000,0x00007fb4648df000] [id=7601]

Stack: [0x00007fb4647df000,0x00007fb4648df000],  sp=0x00007fb4648dd3f0,  free space=1016k
Native frames: (J=compiled Java code, j=interpreted, Vv=VM code, C=native code)
V  [libjvm.so+0xad3455]  VMError::report_and_die()+0x2e5
V  [libjvm.so+0x4e0537]  report_vm_out_of_memory(char const*, int, unsigned long, VMErrorType, char const*)+0x67
V  [libjvm.so+0x910320]  os::pd_commit_memory(char*, unsigned long, unsigned long, bool)+0x100
V  [libjvm.so+0x90794f]  os::commit_memory(char*, unsigned long, unsigned long, bool)+0x1f
V  [libjvm.so+0x98c736]  PSVirtualSpace::expand_by(unsigned long)+0x56
V  [libjvm.so+0x98d9c8]  PSYoungGen::resize(unsigned long, unsigned long)+0xd8
V  [libjvm.so+0x98a166]  PSScavenge::invoke_no_policy()+0x1376
V  [libjvm.so+0x98a4fc]  PSScavenge::invoke()+0x4c
V  [libjvm.so+0x93a248]  ParallelScavengeHeap::failed_mem_allocate(unsigned long)+0x68
V  [libjvm.so+0xad4fa3]  VM_ParallelGCFailedAllocation::doit()+0x93
V  [libjvm.so+0xada1c6]  VM_Operation::evaluate()+0x46
V  [libjvm.so+0xad84fd]  VMThread::evaluate_operation(VM_Operation*) [clone .constprop.44]+0xcd
V  [libjvm.so+0xad8ae3]  VMThread::loop()+0x3a3
V  [libjvm.so+0xad8eb8]  VMThread::run()+0x78
V  [libjvm.so+0x90d952]  java_start(Thread*)+0x102

VM_Operation (0x00007fb41d7f07e0): ParallelGCFailedAllocation, mode: safepoint, requested by thread 0x00007fb420005000


---------------  P R O C E S S  ---------------

Java Threads: ( => current thread )
  0x00007fb414099000 JavaThread "iothread-2" daemon [_thread_in_native, id=7741, stack(0x00007fb41d4ef000,0x00007fb41d5f0000)]
  0x00007fb414097800 JavaThread "reaper-1" daemon [_thread_in_native, id=7740, stack(0x00007fb41d5f0000,0x00007fb41d6f1000)]
  0x00007fb420005000 JavaThread "Thread-8" [_thread_blocked, id=7739, stack(0x00007fb41d6f1000,0x00007fb41d7f2000)]
  0x00007fb4280dd800 JavaThread "iothread-2" daemon [_thread_in_native, id=7738, stack(0x00007fb41d7f2000,0x00007fb41d8f3000)]
  0x00007fb4340f8000 JavaThread "iothread-2" daemon [_thread_in_native, id=7737, stack(0x00007fb41d8f3000,0x00007fb41d9f4000)]
  0x00007fb42c039800 JavaThread "iothread-2" daemon [_thread_in_native, id=7736, stack(0x00007fb41d9f4000,0x00007fb41daf5000)]
  0x00007fb42c004000 JavaThread "reaper-1" daemon [_thread_in_native, id=7735, stack(0x00007fb41daf5000,0x00007fb41dbf6000)]
  0x00007fb430038800 JavaThread "iothread-2" daemon [_thread_in_native, id=7734, stack(0x00007fb41dbf6000,0x00007fb41dcf7000)]
  0x00007fb43001c800 JavaThread "reaper-1" daemon [_thread_in_native, id=7733, stack(0x00007fb41dcf7000,0x00007fb41ddf8000)]
  0x00007fb434466000 JavaThread "reaper-1" daemon [_thread_in_native, id=7731, stack(0x00007fb41dff8000,0x00007fb41e0f9000)]
  0x00007fb4280ba000 JavaThread "reaper-1" daemon [_thread_in_native, id=7728, stack(0x00007fb41e0f9000,0x00007fb41e1fa000)]
  0x00007fb40c046000 JavaThread "Thread-7" [_thread_blocked, id=7712, stack(0x00007fb41e1fa000,0x00007fb41e2fb000)]
  0x00007fb424012000 JavaThread "Thread-5" [_thread_blocked, id=7710, stack(0x00007fb41e2fb000,0x00007fb41e3fc000)]
  0x00007fb414093000 JavaThread "Thread-6" [_thread_blocked, id=7706, stack(0x00007fb41e3fc000,0x00007fb41e4fd000)]
  0x00007fb40c045000 JavaThread "Thread-4" [_thread_blocked, id=7705, stack(0x00007fb41e4fd000,0x00007fb41e5fe000)]
  0x0000000001678800 JavaThread "spark-kernel-actor-system-akka.actor.default-dispatcher-8" [_thread_blocked, id=7695, stack(0x00007fb41e6ff000,0x00007fb41e800000)]
  0x00007fb4606fd800 JavaThread "spark-kernel-actor-system-akka.actor.default-dispatcher-7" [_thread_blocked, id=7694, stack(0x00007fb41e800000,0x00007fb41e901000)]
  0x00007fb460705800 JavaThread "spark-kernel-actor-system-akka.actor.default-dispatcher-4" [_thread_blocked, id=7676, stack(0x00007fb41f5ef000,0x00007fb41f6f0000)]
  0x00007fb460d1a000 JavaThread "spark-kernel-actor-system-akka.actor.default-dispatcher-3" [_thread_blocked, id=7675, stack(0x00007fb41f6f0000,0x00007fb41f7f1000)]
  0x00007fb460599800 JavaThread "spark-kernel-actor-system-akka.actor.default-dispatcher-2" [_thread_blocked, id=7672, stack(0x00007fb44c0f7000,0x00007fb44c1f8000)]
  0x00007fb46125f800 JavaThread "spark-kernel-actor-system-scheduler-1" [_thread_blocked, id=7670, stack(0x00007fb44c3fa000,0x00007fb44c4fb000)]
  0x00007fb461082800 JavaThread "process reaper" daemon [_thread_blocked, id=7667, stack(0x00007fb44c4fb000,0x00007fb44c534000)]
  0x00007fb4600c6000 JavaThread "Service Thread" daemon [_thread_blocked, id=7614, stack(0x00007fb4641d8000,0x00007fb4642d9000)]
  0x00007fb4600c3000 JavaThread "C1 CompilerThread1" daemon [_thread_blocked, id=7610, stack(0x00007fb4642da000,0x00007fb4643da000)]
  0x00007fb4600c0000 JavaThread "C2 CompilerThread0" daemon [_thread_blocked, id=7609, stack(0x00007fb4643db000,0x00007fb4644db000)]
  0x00007fb4600be800 JavaThread "Signal Dispatcher" daemon [_thread_blocked, id=7608, stack(0x00007fb4644db000,0x00007fb4645dc000)]
  0x00007fb46008c800 JavaThread "Finalizer" daemon [_thread_blocked, id=7607, stack(0x00007fb4645dc000,0x00007fb4646dd000)]
  0x00007fb460088000 JavaThread "Reference Handler" daemon [_thread_blocked, id=7604, stack(0x00007fb4646dd000,0x00007fb4647de000)]
  0x00007fb460014000 JavaThread "main" [_thread_blocked, id=7595, stack(0x00007fb469726000,0x00007fb469826000)]

Other Threads:
=>0x00007fb46007e800 VMThread [stack: 0x00007fb4647df000,0x00007fb4648df000] [id=7601]
  0x00007fb4600c8800 WatcherThread [stack: 0x00007fb4640d8000,0x00007fb4641d8000] [id=7617]

VM state:at safepoint (normal execution)

VM Mutex/Monitor currently owned by a thread:  ([mutex/lock_event])
[0x00007fb460010ae0] Threads_lock - owner thread: 0x00007fb46007e800
[0x00007fb460010fe0] Heap_lock - owner thread: 0x00007fb420005000

heap address: 0x00000000c0000000, size: 1024 MB, Compressed Oops mode: 32-bit
Narrow klass base: 0x0000000000000000, Narrow klass shift: 3
Compressed class space size: 1073741824 Address: 0x0000000100000000

Heap:
 PSYoungGen      total 161792K, used 7145K [0x00000000eab00000, 0x00000000f5100000, 0x0000000100000000)
  eden space 154624K, 0% used [0x00000000eab00000,0x00000000eab00000,0x00000000f4200000)
  from space 7168K, 99% used [0x00000000f4200000,0x00000000f48fa748,0x00000000f4900000)
  to   space 7168K, 0% used [0x00000000f4900000,0x00000000f4900000,0x00000000f5000000)
 ParOldGen       total 36864K, used 22947K [0x00000000c0000000, 0x00000000c2400000, 0x00000000eab00000)
  object space 36864K, 62% used [0x00000000c0000000,0x00000000c1668f10,0x00000000c2400000)
 Metaspace       used 40221K, capacity 40556K, committed 41008K, reserved 1085440K
  class space    used 5793K, capacity 5894K, committed 5936K, reserved 1048576K

Card table byte_map: [0x00007fb466201000,0x00007fb466402000] byte_map_base: 0x00007fb465c01000

Marking Bits: (ParMarkBitMap*) 0x00007fb468bcfd80
 Begin Bits: [0x00007fb44f000000, 0x00007fb450000000)
 End Bits:   [0x00007fb450000000, 0x00007fb451000000)

Polling page: 0x00007fb46983f000

CodeCache: size=245760Kb used=8671Kb max_used=8682Kb free=237088Kb
 bounds [0x00007fb451000000, 0x00007fb451890000, 0x00007fb460000000]
 total_blobs=3807 nmethods=3355 adapters=363
 compilation: enabled

Compilation events (10 events):
Event: 118,880 Thread 0x00007fb4600c0000 nmethod 3638% 0x00007fb451883350 code [0x00007fb451883700, 0x00007fb451883c38]
Event: 118,880 Thread 0x00007fb4600c0000 3622       4       scala.collection.mutable.SetBuilder::result (5 bytes)
Event: 118,881 Thread 0x00007fb4600c0000 nmethod 3622 0x00007fb451878cd0 code [0x00007fb451878e20, 0x00007fb451878e78]
Event: 118,881 Thread 0x00007fb4600c0000 3621       4       scala.Enumeration$Value::equals (47 bytes)
Event: 118,885 Thread 0x00007fb4600c0000 nmethod 3621 0x00007fb451872b10 code [0x00007fb451872c60, 0x00007fb451872d38]
Event: 118,886 Thread 0x00007fb4600c0000 3619   !   4       java.lang.ref.Finalizer::add (41 bytes)
Event: 118,899 Thread 0x00007fb4600c0000 nmethod 3619 0x00007fb451872650 code [0x00007fb4518727a0, 0x00007fb451872a38]
Event: 118,899 Thread 0x00007fb4600c0000 3639       4       java.util.regex.Pattern$Node::study (21 bytes)
Event: 118,900 Thread 0x00007fb4600c0000 nmethod 3639 0x00007fb451872390 code [0x00007fb4518724e0, 0x00007fb451872578]
Event: 118,900 Thread 0x00007fb4600c0000 3620       4       java.lang.ref.Finalizer::register (10 bytes)

GC Heap History (10 events):
Event: 94,471 GC heap after
Heap after GC invocations=10 (full 1):
 PSYoungGen      total 67072K, used 0K [0x00000000eab00000, 0x00000000f1700000, 0x0000000100000000)
  eden space 62464K, 0% used [0x00000000eab00000,0x00000000eab00000,0x00000000ee800000)
  from space 4608K, 0% used [0x00000000ee800000,0x00000000ee800000,0x00000000eec80000)
  to   space 5120K, 0% used [0x00000000f1200000,0x00000000f1200000,0x00000000f1700000)
 ParOldGen       total 24576K, used 5444K [0x00000000c0000000, 0x00000000c1800000, 0x00000000eab00000)
  object space 24576K, 22% used [0x00000000c0000000,0x00000000c0551380,0x00000000c1800000)
 Metaspace       used 20971K, capacity 21156K, committed 21296K, reserved 1067008K
  class space    used 3031K, capacity 3086K, committed 3120K, reserved 1048576K
}
Event: 99,678 GC heap before
{Heap before GC invocations=11 (full 1):
 PSYoungGen      total 67072K, used 62464K [0x00000000eab00000, 0x00000000f1700000, 0x0000000100000000)
  eden space 62464K, 100% used [0x00000000eab00000,0x00000000ee800000,0x00000000ee800000)
  from space 4608K, 0% used [0x00000000ee800000,0x00000000ee800000,0x00000000eec80000)
  to   space 5120K, 0% used [0x00000000f1200000,0x00000000f1200000,0x00000000f1700000)
 ParOldGen       total 24576K, used 5452K [0x00000000c0000000, 0x00000000c1800000, 0x00000000eab00000)
  object space 24576K, 22% used [0x00000000c0000000,0x00000000c0553390,0x00000000c1800000)
 Metaspace       used 26348K, capacity 26620K, committed 26800K, reserved 1073152K
  class space    used 3654K, capacity 3733K, committed 3760K, reserved 1048576K
Event: 99,744 GC heap after
Heap after GC invocations=11 (full 1):
 PSYoungGen      total 103424K, used 5095K [0x00000000eab00000, 0x00000000f1700000, 0x0000000100000000)
  eden space 98304K, 0% used [0x00000000eab00000,0x00000000eab00000,0x00000000f0b00000)
  from space 5120K, 99% used [0x00000000f1200000,0x00000000f16f9f38,0x00000000f1700000)
  to   space 5632K, 0% used [0x00000000f0c00000,0x00000000f0c00000,0x00000000f1180000)
 ParOldGen       total 24576K, used 6055K [0x00000000c0000000, 0x00000000c1800000, 0x00000000eab00000)
  object space 24576K, 24% used [0x00000000c0000000,0x00000000c05e9c60,0x00000000c1800000)
 Metaspace       used 26348K, capacity 26620K, committed 26800K, reserved 1073152K
  class space    used 3654K, capacity 3733K, committed 3760K, reserved 1048576K
}
Event: 103,961 GC heap before
{Heap before GC invocations=12 (full 1):
 PSYoungGen      total 103424K, used 103399K [0x00000000eab00000, 0x00000000f1700000, 0x0000000100000000)
  eden space 98304K, 100% used [0x00000000eab00000,0x00000000f0b00000,0x00000000f0b00000)
  from space 5120K, 99% used [0x00000000f1200000,0x00000000f16f9f38,0x00000000f1700000)
  to   space 5632K, 0% used [0x00000000f0c00000,0x00000000f0c00000,0x00000000f1180000)
 ParOldGen       total 24576K, used 6058K [0x00000000c0000000, 0x00000000c1800000, 0x00000000eab00000)
  object space 24576K, 24% used [0x00000000c0000000,0x00000000c05ea918,0x00000000c1800000)
 Metaspace       used 32050K, capacity 32368K, committed 32560K, reserved 1077248K
  class space    used 4513K, capacity 4640K, committed 4656K, reserved 1048576K
Event: 104,058 GC heap after
Heap after GC invocations=12 (full 1):
 PSYoungGen      total 104960K, used 5606K [0x00000000eab00000, 0x00000000f5000000, 0x0000000100000000)
  eden space 99328K, 0% used [0x00000000eab00000,0x00000000eab00000,0x00000000f0c00000)
  from space 5632K, 99% used [0x00000000f0c00000,0x00000000f11799b0,0x00000000f1180000)
  to   space 7168K, 0% used [0x00000000f4900000,0x00000000f4900000,0x00000000f5000000)
 ParOldGen       total 24576K, used 8983K [0x00000000c0000000, 0x00000000c1800000, 0x00000000eab00000)
  object space 24576K, 36% used [0x00000000c0000000,0x00000000c08c5ed0,0x00000000c1800000)
 Metaspace       used 32050K, capacity 32368K, committed 32560K, reserved 1077248K
  class space    used 4513K, capacity 4640K, committed 4656K, reserved 1048576K
}
Event: 106,094 GC heap before
{Heap before GC invocations=13 (full 1):
 PSYoungGen      total 104960K, used 38405K [0x00000000eab00000, 0x00000000f5000000, 0x0000000100000000)
  eden space 99328K, 33% used [0x00000000eab00000,0x00000000ecb07b20,0x00000000f0c00000)
  from space 5632K, 99% used [0x00000000f0c00000,0x00000000f11799b0,0x00000000f1180000)
  to   space 7168K, 0% used [0x00000000f4900000,0x00000000f4900000,0x00000000f5000000)
 ParOldGen       total 24576K, used 8983K [0x00000000c0000000, 0x00000000c1800000, 0x00000000eab00000)
  object space 24576K, 36% used [0x00000000c0000000,0x00000000c08c5ed0,0x00000000c1800000)
 Metaspace       used 34983K, capacity 35248K, committed 35496K, reserved 1079296K
  class space    used 4967K, capacity 5088K, committed 5168K, reserved 1048576K
Event: 106,126 GC heap after
Heap after GC invocations=13 (full 1):
 PSYoungGen      total 161792K, used 3124K [0x00000000eab00000, 0x00000000f5100000, 0x0000000100000000)
  eden space 154624K, 0% used [0x00000000eab00000,0x00000000eab00000,0x00000000f4200000)
  from space 7168K, 43% used [0x00000000f4900000,0x00000000f4c0d238,0x00000000f5000000)
  to   space 7168K, 0% used [0x00000000f4200000,0x00000000f4200000,0x00000000f4900000)
 ParOldGen       total 24576K, used 10939K [0x00000000c0000000, 0x00000000c1800000, 0x00000000eab00000)
  object space 24576K, 44% used [0x00000000c0000000,0x00000000c0aaef90,0x00000000c1800000)
 Metaspace       used 34983K, capacity 35248K, committed 35496K, reserved 1079296K
  class space    used 4967K, capacity 5088K, committed 5168K, reserved 1048576K
}
Event: 106,126 GC heap before
{Heap before GC invocations=14 (full 2):
 PSYoungGen      total 161792K, used 3124K [0x00000000eab00000, 0x00000000f5100000, 0x0000000100000000)
  eden space 154624K, 0% used [0x00000000eab00000,0x00000000eab00000,0x00000000f4200000)
  from space 7168K, 43% used [0x00000000f4900000,0x00000000f4c0d238,0x00000000f5000000)
  to   space 7168K, 0% used [0x00000000f4200000,0x00000000f4200000,0x00000000f4900000)
 ParOldGen       total 24576K, used 10939K [0x00000000c0000000, 0x00000000c1800000, 0x00000000eab00000)
  object space 24576K, 44% used [0x00000000c0000000,0x00000000c0aaef90,0x00000000c1800000)
 Metaspace       used 34983K, capacity 35248K, committed 35496K, reserved 1079296K
  class space    used 4967K, capacity 5088K, committed 5168K, reserved 1048576K
Event: 106,412 GC heap after
Heap after GC invocations=14 (full 2):
 PSYoungGen      total 161792K, used 0K [0x00000000eab00000, 0x00000000f5100000, 0x0000000100000000)
  eden space 154624K, 0% used [0x00000000eab00000,0x00000000eab00000,0x00000000f4200000)
  from space 7168K, 0% used [0x00000000f4900000,0x00000000f4900000,0x00000000f5000000)
  to   space 7168K, 0% used [0x00000000f4200000,0x00000000f4200000,0x00000000f4900000)
 ParOldGen       total 36864K, used 10406K [0x00000000c0000000, 0x00000000c2400000, 0x00000000eab00000)
  object space 36864K, 28% used [0x00000000c0000000,0x00000000c0a29920,0x00000000c2400000)
 Metaspace       used 34983K, capacity 35248K, committed 35496K, reserved 1079296K
  class space    used 4967K, capacity 5088K, committed 5168K, reserved 1048576K
}
Event: 118,918 GC heap before
{Heap before GC invocations=15 (full 2):
 PSYoungGen      total 161792K, used 154624K [0x00000000eab00000, 0x00000000f5100000, 0x0000000100000000)
  eden space 154624K, 100% used [0x00000000eab00000,0x00000000f4200000,0x00000000f4200000)
  from space 7168K, 0% used [0x00000000f4900000,0x00000000f4900000,0x00000000f5000000)
  to   space 7168K, 0% used [0x00000000f4200000,0x00000000f4200000,0x00000000f4900000)
 ParOldGen       total 36864K, used 10406K [0x00000000c0000000, 0x00000000c2400000, 0x00000000eab00000)
  object space 36864K, 28% used [0x00000000c0000000,0x00000000c0a29920,0x00000000c2400000)
 Metaspace       used 40221K, capacity 40556K, committed 41008K, reserved 1085440K
  class space    used 5793K, capacity 5894K, committed 5936K, reserved 1048576K

Deoptimization events (10 events):
Event: 98,850 Thread 0x00007fb40c001000 Uncommon trap: reason=unstable_if action=reinterpret pc=0x00007fb4513085a8 method=java.lang.String.regionMatches(ZILjava/lang/String;II)Z @ 123
Event: 99,604 Thread 0x00007fb40c001000 Uncommon trap: reason=unstable_if action=reinterpret pc=0x00007fb45110d8d8 method=sun.net.util.IPAddressUtil.scan(Ljava/lang/String;JJ[C)I @ 14
Event: 101,177 Thread 0x00007fb40c046000 Uncommon trap: reason=unstable_if action=reinterpret pc=0x00007fb451365b9c method=java.util.concurrent.ConcurrentHashMap.putVal(Ljava/lang/Object;Ljava/lang/Object;Z)Ljava/lang/Object; @ 98
Event: 107,484 Thread 0x00007fb460014000 Uncommon trap: reason=unstable_if action=reinterpret pc=0x00007fb4511fc46c method=java.util.BitSet.get(I)Z @ 60
Event: 109,805 Thread 0x00007fb460014000 Uncommon trap: reason=bimorphic action=maybe_recompile pc=0x00007fb4515ffd98 method=java.lang.Throwable.<init>(Ljava/lang/String;)V @ 24
Event: 109,806 Thread 0x00007fb460014000 Uncommon trap: reason=bimorphic action=maybe_recompile pc=0x00007fb4515ffd98 method=java.lang.Throwable.<init>(Ljava/lang/String;)V @ 24
Event: 109,976 Thread 0x00007fb460014000 Uncommon trap: reason=bimorphic action=maybe_recompile pc=0x00007fb4515ffd98 method=java.lang.Throwable.<init>(Ljava/lang/String;)V @ 24
Event: 110,177 Thread 0x00007fb460014000 Uncommon trap: reason=bimorphic action=maybe_recompile pc=0x00007fb4515ffd98 method=java.lang.Throwable.<init>(Ljava/lang/String;)V @ 24
Event: 115,056 Thread 0x00007fb460014000 Uncommon trap: reason=unstable_if action=reinterpret pc=0x00007fb4514fe538 method=sun.misc.Launcher$AppClassLoader.loadClass(Ljava/lang/String;Z)Ljava/lang/Class; @ 9
Event: 115,285 Thread 0x00007fb460014000 Uncommon trap: reason=unstable_if action=reinterpret pc=0x00007fb45113f1cc method=sun.misc.URLClassPath$JarLoader.getResource(Ljava/lang/String;ZLjava/util/Set;)Lsun/misc/Resource; @ 17

Classes redefined (0 events):
No events

Internal exceptions (10 events):
Event: 112,408 Thread 0x00007fb460014000 Exception <a 'java/lang/ClassNotFoundException': java/rmi> (0x00000000ee50ed80) thrown at [/HUDSON/workspace/8-2-build-linux-amd64/jdk8u221/13320/hotspot/src/share/vm/classfile/systemDictionary.cpp, line 210]
Event: 112,411 Thread 0x00007fb460014000 Exception <a 'java/lang/ClassNotFoundException': java/rmi/package> (0x00000000ee50fef0) thrown at [/HUDSON/workspace/8-2-build-linux-amd64/jdk8u221/13320/hotspot/src/share/vm/classfile/systemDictionary.cpp, line 210]
Event: 112,597 Thread 0x00007fb460014000 Exception <a 'java/lang/ClassNotFoundException': scala/reflect/ScalaSignature> (0x00000000ee5e9128) thrown at [/HUDSON/workspace/8-2-build-linux-amd64/jdk8u221/13320/hotspot/src/share/vm/classfile/systemDictionary.cpp, line 210]
Event: 112,598 Thread 0x00007fb460014000 Exception <a 'java/lang/ClassNotFoundException': scala/reflect/ScalaLongSignature> (0x00000000ee5e97b8) thrown at [/HUDSON/workspace/8-2-build-linux-amd64/jdk8u221/13320/hotspot/src/share/vm/classfile/systemDictionary.cpp, line 210]
Event: 112,655 Thread 0x00007fb460014000 Exception <a 'java/lang/ClassNotFoundException': java/lang/ref> (0x00000000ee7507e8) thrown at [/HUDSON/workspace/8-2-build-linux-amd64/jdk8u221/13320/hotspot/src/share/vm/classfile/systemDictionary.cpp, line 210]
Event: 112,661 Thread 0x00007fb460014000 Exception <a 'java/lang/ClassNotFoundException': java/lang/ref/package> (0x00000000ee7521b0) thrown at [/HUDSON/workspace/8-2-build-linux-amd64/jdk8u221/13320/hotspot/src/share/vm/classfile/systemDictionary.cpp, line 210]
Event: 114,104 Thread 0x00007fb460014000 Exception <a 'java/lang/ClassNotFoundException': java/lang/invoke> (0x00000000ef39b7b0) thrown at [/HUDSON/workspace/8-2-build-linux-amd64/jdk8u221/13320/hotspot/src/share/vm/classfile/systemDictionary.cpp, line 210]
Event: 114,104 Thread 0x00007fb460014000 Exception <a 'java/lang/ClassNotFoundException': java/lang/invoke/package> (0x00000000ef39c948) thrown at [/HUDSON/workspace/8-2-build-linux-amd64/jdk8u221/13320/hotspot/src/share/vm/classfile/systemDictionary.cpp, line 210]
Event: 114,515 Thread 0x00007fb460014000 Exception <a 'java/lang/ClassNotFoundException': java/lang/annotation> (0x00000000ef9ac008) thrown at [/HUDSON/workspace/8-2-build-linux-amd64/jdk8u221/13320/hotspot/src/share/vm/classfile/systemDictionary.cpp, line 210]
Event: 114,518 Thread 0x00007fb460014000 Exception <a 'java/lang/ClassNotFoundException': java/lang/annotation/package> (0x00000000ef9ad1c0) thrown at [/HUDSON/workspace/8-2-build-linux-amd64/jdk8u221/13320/hotspot/src/share/vm/classfile/systemDictionary.cpp, line 210]

Events (10 events):
Event: 116,969 Thread 0x00007fb460014000 DEOPT UNPACKING pc=0x00007fb451047784 sp=0x00007fb469821f78 mode 0
Event: 117,135 Thread 0x00007fb460014000 DEOPT PACKING pc=0x00007fb451139150 sp=0x00007fb4698226d0
Event: 117,135 Thread 0x00007fb460014000 DEOPT UNPACKING pc=0x00007fb451047784 sp=0x00007fb469822448 mode 0
Event: 117,329 Thread 0x00007fb460014000 DEOPT PACKING pc=0x00007fb4515c1ce5 sp=0x00007fb469822ca0
Event: 117,329 Thread 0x00007fb460014000 DEOPT UNPACKING pc=0x00007fb451047784 sp=0x00007fb4698229f8 mode 0
Event: 117,423 loading class shadeclapper/org/clapper/classutil/asm/ClassVisitor$AnnotationArrayVisitor$$anon$2
Event: 117,423 loading class shadeclapper/org/clapper/classutil/asm/ClassVisitor$AnnotationArrayVisitor$$anon$2 done
Event: 118,175 loading class scala/collection/mutable/FlatHashTable$Contents
Event: 118,175 loading class scala/collection/mutable/FlatHashTable$Contents done
Event: 118,913 Executing VM operation: ParallelGCFailedAllocation


Dynamic libraries:
00400000-00401000 r-xp 00000000 08:01 421320                             /usr/lib/java/jdk1.8.0_221/bin/java
00600000-00601000 r--p 00000000 08:01 421320                             /usr/lib/java/jdk1.8.0_221/bin/java
00601000-00602000 rw-p 00001000 08:01 421320                             /usr/lib/java/jdk1.8.0_221/bin/java
01664000-016a6000 rw-p 00000000 00:00 0                                  [heap]
c0000000-c2400000 rw-p 00000000 00:00 0 
c2400000-eab00000 ---p 00000000 00:00 0 
eab00000-f5100000 rw-p 00000000 00:00 0 
f9680000-100000000 ---p 00000000 00:00 0 
100000000-1005cc000 rw-p 00000000 00:00 0 
1005cc000-140000000 ---p 00000000 00:00 0 
7fb40c000000-7fb40c04f000 rw-p 00000000 00:00 0 
7fb40c04f000-7fb410000000 ---p 00000000 00:00 0 
7fb410000000-7fb4111f1000 rw-p 00000000 00:00 0 
7fb4111f1000-7fb414000000 ---p 00000000 00:00 0 
7fb414000000-7fb41410e000 rw-p 00000000 00:00 0 
7fb41410e000-7fb418000000 ---p 00000000 00:00 0 
7fb418000000-7fb418437000 rw-p 00000000 00:00 0 
7fb418437000-7fb41c000000 ---p 00000000 00:00 0 
7fb41caef000-7fb41cb2f000 rw-p 00000000 00:00 0 
7fb41cb2f000-7fb41ccef000 ---p 00000000 00:00 0 
7fb41ccef000-7fb41ceef000 rw-p 00000000 00:00 0 
7fb41ceef000-7fb41d0ef000 rw-p 00000000 00:00 0 
7fb41d0ef000-7fb41d2ef000 rw-p 00000000 00:00 0 
7fb41d2ef000-7fb41d4ef000 rw-p 00000000 00:00 0 
7fb41d4ef000-7fb41d4f2000 ---p 00000000 00:00 0 
7fb41d4f2000-7fb41d5f0000 rw-p 00000000 00:00 0 
7fb41d5f0000-7fb41d5f3000 ---p 00000000 00:00 0 
7fb41d5f3000-7fb41d6f1000 rw-p 00000000 00:00 0 
7fb41d6f1000-7fb41d6f4000 ---p 00000000 00:00 0 
7fb41d6f4000-7fb41d7f2000 rw-p 00000000 00:00 0 
7fb41d7f2000-7fb41d7f5000 ---p 00000000 00:00 0 
7fb41d7f5000-7fb41d8f3000 rw-p 00000000 00:00 0 
7fb41d8f3000-7fb41d8f6000 ---p 00000000 00:00 0 
7fb41d8f6000-7fb41d9f4000 rw-p 00000000 00:00 0 
7fb41d9f4000-7fb41d9f7000 ---p 00000000 00:00 0 
7fb41d9f7000-7fb41daf5000 rw-p 00000000 00:00 0 
7fb41daf5000-7fb41daf8000 ---p 00000000 00:00 0 
7fb41daf8000-7fb41dbf6000 rw-p 00000000 00:00 0 
7fb41dbf6000-7fb41dbf9000 ---p 00000000 00:00 0 
7fb41dbf9000-7fb41dcf7000 rw-p 00000000 00:00 0 
7fb41dcf7000-7fb41dcfa000 ---p 00000000 00:00 0 
7fb41dcfa000-7fb41dff8000 rw-p 00000000 00:00 0 
7fb41dff8000-7fb41dffb000 ---p 00000000 00:00 0 
7fb41dffb000-7fb41e0f9000 rw-p 00000000 00:00 0 
7fb41e0f9000-7fb41e0fc000 ---p 00000000 00:00 0 
7fb41e0fc000-7fb41e1fa000 rw-p 00000000 00:00 0 
7fb41e1fa000-7fb41e1fd000 ---p 00000000 00:00 0 
7fb41e1fd000-7fb41e2fb000 rw-p 00000000 00:00 0 
7fb41e2fb000-7fb41e2fe000 ---p 00000000 00:00 0 
7fb41e2fe000-7fb41e3fc000 rw-p 00000000 00:00 0 
7fb41e3fc000-7fb41e3ff000 ---p 00000000 00:00 0 
7fb41e3ff000-7fb41e4fd000 rw-p 00000000 00:00 0 
7fb41e4fd000-7fb41e500000 ---p 00000000 00:00 0 
7fb41e500000-7fb41e5fe000 rw-p 00000000 00:00 0 
7fb41e5fe000-7fb41e601000 ---p 00000000 00:00 0 
7fb41e601000-7fb41e6ff000 rw-p 00000000 00:00 0 
7fb41e6ff000-7fb41e702000 ---p 00000000 00:00 0 
7fb41e702000-7fb41e800000 rw-p 00000000 00:00 0 
7fb41e800000-7fb41e803000 ---p 00000000 00:00 0 
7fb41e803000-7fb41eb01000 rw-p 00000000 00:00 0 
7fb41eb01000-7fb41eb18000 r-xp 00000000 08:01 268308                     /lib/x86_64-linux-gnu/libgcc_s.so.1
7fb41eb18000-7fb41ed17000 ---p 00017000 08:01 268308                     /lib/x86_64-linux-gnu/libgcc_s.so.1
7fb41ed17000-7fb41ed18000 r--p 00016000 08:01 268308                     /lib/x86_64-linux-gnu/libgcc_s.so.1
7fb41ed18000-7fb41ed19000 rw-p 00017000 08:01 268308                     /lib/x86_64-linux-gnu/libgcc_s.so.1
7fb41ed19000-7fb41ed51000 r-xp 00000000 08:01 421556                     /usr/lib/java/jdk1.8.0_221/jre/lib/amd64/libsunec.so
7fb41ed51000-7fb41ef50000 ---p 00038000 08:01 421556                     /usr/lib/java/jdk1.8.0_221/jre/lib/amd64/libsunec.so
7fb41ef50000-7fb41ef55000 r--p 00037000 08:01 421556                     /usr/lib/java/jdk1.8.0_221/jre/lib/amd64/libsunec.so
7fb41ef55000-7fb41ef57000 rw-p 0003c000 08:01 421556                     /usr/lib/java/jdk1.8.0_221/jre/lib/amd64/libsunec.so
7fb41ef57000-7fb41f157000 rw-p 00000000 00:00 0 
7fb41f1db000-7fb41f1ec000 r-xp 00000000 08:01 421546                     /usr/lib/java/jdk1.8.0_221/jre/lib/amd64/libnio.so
7fb41f1ec000-7fb41f3eb000 ---p 00011000 08:01 421546                     /usr/lib/java/jdk1.8.0_221/jre/lib/amd64/libnio.so
7fb41f3eb000-7fb41f3ec000 r--p 00010000 08:01 421546                     /usr/lib/java/jdk1.8.0_221/jre/lib/amd64/libnio.so
7fb41f3ec000-7fb41f3ed000 rw-p 00011000 08:01 421546                     /usr/lib/java/jdk1.8.0_221/jre/lib/amd64/libnio.so
7fb41f3ed000-7fb41f3f0000 ---p 00000000 00:00 0 
7fb41f3f0000-7fb41f4ee000 rw-p 00000000 00:00 0 
7fb41f4ee000-7fb41f4f1000 ---p 00000000 00:00 0 
7fb41f4f1000-7fb41f5ef000 rw-p 00000000 00:00 0 
7fb41f5ef000-7fb41f5f2000 ---p 00000000 00:00 0 
7fb41f5f2000-7fb41f6f0000 rw-p 00000000 00:00 0 
7fb41f6f0000-7fb41f6f3000 ---p 00000000 00:00 0 
7fb41f6f3000-7fb41f9f1000 rw-p 00000000 00:00 0 
7fb41f9f1000-7fb41fbf1000 rw-p 00000000 00:00 0 
7fb41fbf1000-7fb41fe00000 r--s 019ea000 08:01 561008                     /home/hooglander/.local/share/jupyter/kernels/apache_toree_scala/lib/toree-assembly-0.3.0-incubating.jar
7fb41fe00000-7fb420000000 rw-p 00000000 00:00 0 
7fb420000000-7fb420021000 rw-p 00000000 00:00 0 
7fb420021000-7fb424000000 ---p 00000000 00:00 0 
7fb424000000-7fb424021000 rw-p 00000000 00:00 0 
7fb424021000-7fb428000000 ---p 00000000 00:00 0 
7fb428000000-7fb428e08000 rw-p 00000000 00:00 0 
7fb428e08000-7fb42c000000 ---p 00000000 00:00 0 
7fb42c000000-7fb42c049000 rw-p 00000000 00:00 0 
7fb42c049000-7fb430000000 ---p 00000000 00:00 0 
7fb430000000-7fb43005d000 rw-p 00000000 00:00 0 
7fb43005d000-7fb434000000 ---p 00000000 00:00 0 
7fb434000000-7fb436037000 rw-p 00000000 00:00 0 
7fb436037000-7fb438000000 ---p 00000000 00:00 0 
7fb438000000-7fb438021000 rw-p 00000000 00:00 0 
7fb438021000-7fb43c000000 ---p 00000000 00:00 0 
7fb43c000000-7fb43c021000 rw-p 00000000 00:00 0 
7fb43c021000-7fb440000000 ---p 00000000 00:00 0 
7fb440000000-7fb440049000 rw-p 00000000 00:00 0 
7fb440049000-7fb444000000 ---p 00000000 00:00 0 
7fb444000000-7fb4442c6000 rw-p 00000000 00:00 0 
7fb4442c6000-7fb448000000 ---p 00000000 00:00 0 
7fb448000000-7fb448084000 rw-p 00000000 00:00 0 
7fb448084000-7fb44c000000 ---p 00000000 00:00 0 
7fb44c0f7000-7fb44c0fa000 ---p 00000000 00:00 0 
7fb44c0fa000-7fb44c1f8000 rw-p 00000000 00:00 0 
7fb44c1f8000-7fb44c1f9000 r-xp 00000000 08:01 421524                     /usr/lib/java/jdk1.8.0_221/jre/lib/amd64/libjaas_unix.so
7fb44c1f9000-7fb44c3f8000 ---p 00001000 08:01 421524                     /usr/lib/java/jdk1.8.0_221/jre/lib/amd64/libjaas_unix.so
7fb44c3f8000-7fb44c3f9000 r--p 00000000 08:01 421524                     /usr/lib/java/jdk1.8.0_221/jre/lib/amd64/libjaas_unix.so
7fb44c3f9000-7fb44c3fa000 rw-p 00001000 08:01 421524                     /usr/lib/java/jdk1.8.0_221/jre/lib/amd64/libjaas_unix.so
7fb44c3fa000-7fb44c3fd000 ---p 00000000 00:00 0 
7fb44c3fd000-7fb44c4fb000 rw-p 00000000 00:00 0 
7fb44c4fb000-7fb44c4fe000 ---p 00000000 00:00 0 
7fb44c4fe000-7fb44c734000 rw-p 00000000 00:00 0 
7fb44c734000-7fb44c73d000 r-xp 00000000 08:01 421543                     /usr/lib/java/jdk1.8.0_221/jre/lib/amd64/libmanagement.so
7fb44c73d000-7fb44c93c000 ---p 00009000 08:01 421543                     /usr/lib/java/jdk1.8.0_221/jre/lib/amd64/libmanagement.so
7fb44c93c000-7fb44c93d000 r--p 00008000 08:01 421543                     /usr/lib/java/jdk1.8.0_221/jre/lib/amd64/libmanagement.so
7fb44c93d000-7fb44c93e000 rw-p 00009000 08:01 421543                     /usr/lib/java/jdk1.8.0_221/jre/lib/amd64/libmanagement.so
7fb44c93e000-7fb44cb3e000 rw-p 00000000 00:00 0 
7fb44cb3e000-7fb44cb55000 r-xp 00000000 08:01 268410                     /lib/x86_64-linux-gnu/libresolv-2.27.so
7fb44cb55000-7fb44cd55000 ---p 00017000 08:01 268410                     /lib/x86_64-linux-gnu/libresolv-2.27.so
7fb44cd55000-7fb44cd56000 r--p 00017000 08:01 268410                     /lib/x86_64-linux-gnu/libresolv-2.27.so
7fb44cd56000-7fb44cd57000 rw-p 00018000 08:01 268410                     /lib/x86_64-linux-gnu/libresolv-2.27.so
7fb44cd57000-7fb44cd59000 rw-p 00000000 00:00 0 
7fb44cd59000-7fb44cd5e000 r-xp 00000000 08:01 268359                     /lib/x86_64-linux-gnu/libnss_dns-2.27.so
7fb44cd5e000-7fb44cf5e000 ---p 00005000 08:01 268359                     /lib/x86_64-linux-gnu/libnss_dns-2.27.so
7fb44cf5e000-7fb44cf5f000 r--p 00005000 08:01 268359                     /lib/x86_64-linux-gnu/libnss_dns-2.27.so
7fb44cf5f000-7fb44cf60000 rw-p 00006000 08:01 268359                     /lib/x86_64-linux-gnu/libnss_dns-2.27.so
7fb44cf60000-7fb44cf62000 r-xp 00000000 08:01 268367                     /lib/x86_64-linux-gnu/libnss_mdns4_minimal.so.2
7fb44cf62000-7fb44d161000 ---p 00002000 08:01 268367                     /lib/x86_64-linux-gnu/libnss_mdns4_minimal.so.2
7fb44d161000-7fb44d162000 r--p 00001000 08:01 268367                     /lib/x86_64-linux-gnu/libnss_mdns4_minimal.so.2
7fb44d162000-7fb44d163000 rw-p 00002000 08:01 268367                     /lib/x86_64-linux-gnu/libnss_mdns4_minimal.so.2
7fb44d16a000-7fb44d170000 r--s 0003f000 08:01 421695                     /usr/lib/java/jdk1.8.0_221/jre/lib/ext/sunjce_provider.jar
7fb44d170000-7fb44d171000 r--s 0000e000 08:01 421694                     /usr/lib/java/jdk1.8.0_221/jre/lib/ext/sunec.jar
7fb44d171000-7fb44d174000 r--s 0001a000 08:01 421739                     /usr/lib/java/jdk1.8.0_221/jre/lib/jce.jar
7fb44d174000-7fb44d179000 r--s 000a3000 08:01 421746                     /usr/lib/java/jdk1.8.0_221/jre/lib/jsse.jar
7fb44d179000-7fb44d18f000 r-xp 00000000 08:01 421545                     /usr/lib/java/jdk1.8.0_221/jre/lib/amd64/libnet.so
7fb44d18f000-7fb44d38e000 ---p 00016000 08:01 421545                     /usr/lib/java/jdk1.8.0_221/jre/lib/amd64/libnet.so
7fb44d38e000-7fb44d38f000 r--p 00015000 08:01 421545                     /usr/lib/java/jdk1.8.0_221/jre/lib/amd64/libnet.so
7fb44d38f000-7fb44d390000 rw-p 00016000 08:01 421545                     /usr/lib/java/jdk1.8.0_221/jre/lib/amd64/libnet.so
7fb44d390000-7fb44d590000 rw-p 00000000 00:00 0 
7fb44d590000-7fb44d5a9000 r--s 000f4000 08:01 422444                     /home/hooglander/Desktop/spark-2.4.3-bin-hadoop2.7/jars/parquet-column-1.10.1.jar
7fb44d5a9000-7fb44d5ab000 r--s 0000e000 08:01 422321                     /home/hooglander/Desktop/spark-2.4.3-bin-hadoop2.7/jars/commons-logging-1.1.3.jar
7fb44d5ab000-7fb44d5ad000 r--s 00005000 08:01 422383                     /home/hooglander/Desktop/spark-2.4.3-bin-hadoop2.7/jars/javax.annotation-api-1.2.jar
7fb44d5ad000-7fb44d5af000 r--s 00012000 08:01 422293                     /home/hooglander/Desktop/spark-2.4.3-bin-hadoop2.7/jars/arrow-memory-0.10.0.jar
7fb44d5af000-7fb44d5b4000 r--s 00041000 08:01 422498                     /home/hooglander/Desktop/spark-2.4.3-bin-hadoop2.7/jars/xbean-asm6-shaded-4.8.jar
7fb44d5b4000-7fb44d5b5000 r--s 00000000 08:01 422384                     /home/hooglander/Desktop/spark-2.4.3-bin-hadoop2.7/jars/javax.inject-1.jar
7fb44d5b5000-7fb44d5c0000 r--s 00062000 08:01 422304                     /home/hooglander/Desktop/spark-2.4.3-bin-hadoop2.7/jars/calcite-linq4j-1.2.0-incubating.jar
7fb44d5c0000-7fb44d5c6000 r--s 00063000 08:01 422403                     /home/hooglander/Desktop/spark-2.4.3-bin-hadoop2.7/jars/jodd-core-3.5.2.jar
7fb44d5c6000-7fb44d5cb000 r--s 00068000 08:01 422281                     /home/hooglander/Desktop/spark-2.4.3-bin-hadoop2.7/jars/antlr-2.7.7.jar
7fb44d5cb000-7fb44d5cd000 r--s 0000b000 08:01 422473                     /home/hooglander/Desktop/spark-2.4.3-bin-hadoop2.7/jars/spark-kvstore_2.11-2.4.3.jar
7fb44d5cd000-7fb44d5ce000 r--s 0000a000 08:01 422287                     /home/hooglander/Desktop/spark-2.4.3-bin-hadoop2.7/jars/apacheds-i18n-2.0.0-M15.jar
7fb44d5ce000-7fb44d5d2000 r--s 00020000 08:01 422316                     /home/hooglander/Desktop/spark-2.4.3-bin-hadoop2.7/jars/commons-digester-1.8.jar
7fb44d5d2000-7fb44d5d4000 r--s 00017000 08:01 422359                     /home/hooglander/Desktop/spark-2.4.3-bin-hadoop2.7/jars/hive-jdbc-1.2.1.spark2.jar
7fb44d5d4000-7fb44d5d6000 r--s 00002000 08:01 422422                     /home/hooglander/Desktop/spark-2.4.3-bin-hadoop2.7/jars/logging-interceptor-3.12.0.jar
7fb44d5d6000-7fb44d5ea000 r--s 0016b000 08:01 422438                     /home/hooglander/Desktop/spark-2.4.3-bin-hadoop2.7/jars/orc-core-1.5.5-nohive.jar
7fb44d5ea000-7fb44d5fb000 r--s 00096000 08:01 422475                     /home/hooglander/Desktop/spark-2.4.3-bin-hadoop2.7/jars/spark-mesos_2.11-2.4.3.jar
7fb44d5fb000-7fb44d5fd000 r--s 00009000 08:01 422377                     /home/hooglander/Desktop/spark-2.4.3-bin-hadoop2.7/jars/jackson-module-paranamer-2.7.9.jar
7fb44d5fd000-7fb44d600000 r--s 00019000 08:01 422299                     /home/hooglander/Desktop/spark-2.4.3-bin-hadoop2.7/jars/bonecp-0.8.0.RELEASE.jar
7fb44d600000-7fb44d603000 r--s 00026000 08:01 422352                     /home/hooglander/Desktop/spark-2.4.3-bin-hadoop2.7/jars/hadoop-yarn-client-2.7.3.jar
7fb44d603000-7fb44d609000 r--s 0003c000 08:01 422464                     /home/hooglander/Desktop/spark-2.4.3-bin-hadoop2.7/jars/snakeyaml-1.15.jar
7fb44d609000-7fb44d60a000 r--s 00009000 08:01 422341                     /home/hooglander/Desktop/spark-2.4.3-bin-hadoop2.7/jars/hadoop-annotations-2.7.3.jar
7fb44d60a000-7fb44d60f000 r--s 0003e000 08:01 422323                     /home/hooglander/Desktop/spark-2.4.3-bin-hadoop2.7/jars/commons-net-3.1.jar
7fb44d60f000-7fb44d611000 r--s 00004000 08:01 422491                     /home/hooglander/Desktop/spark-2.4.3-bin-hadoop2.7/jars/stax-api-1.0-2.jar
7fb44d611000-7fb44d615000 r--s 00036000 08:01 422490                     /home/hooglander/Desktop/spark-2.4.3-bin-hadoop2.7/jars/ST4-4.0.4.jar
7fb44d615000-7fb44d619000 r--s 00015000 08:01 422501                     /home/hooglander/Desktop/spark-2.4.3-bin-hadoop2.7/jars/xz-1.5.jar
7fb44d619000-7fb44d61b000 r--s 0000a000 08:01 422407                     /home/hooglander/Desktop/spark-2.4.3-bin-hadoop2.7/jars/json4s-jackson_2.11-3.5.3.jar
7fb44d61b000-7fb44d62b000 r--s 00133000 08:01 422294                     /home/hooglander/Desktop/spark-2.4.3-bin-hadoop2.7/jars/arrow-vector-0.10.0.jar
7fb44d62b000-7fb44d64d000 r--s 0019a000 08:01 422470                     /home/hooglander/Desktop/spark-2.4.3-bin-hadoop2.7/jars/spark-hive-thriftserver_2.11-2.4.3.jar
7fb44d64d000-7fb44d655000 r--s 0006e000 08:01 422320                     /home/hooglander/Desktop/spark-2.4.3-bin-hadoop2.7/jars/commons-lang3-3.5.jar
7fb44d655000-7fb44d659000 r--s 00025000 08:01 422282                     /home/hooglander/Desktop/spark-2.4.3-bin-hadoop2.7/jars/antlr-runtime-3.4.jar
7fb44d659000-7fb44d65f000 r--s 0004c000 08:01 422283                     /home/hooglander/Desktop/spark-2.4.3-bin-hadoop2.7/jars/antlr4-runtime-4.7.jar
7fb44d65f000-7fb44d663000 r--s 0002a000 08:01 422318                     /home/hooglander/Desktop/spark-2.4.3-bin-hadoop2.7/jars/commons-io-2.4.jar
7fb44d663000-7fb44d664000 r--s 00001000 08:01 422431                     /home/hooglander/Desktop/spark-2.4.3-bin-hadoop2.7/jars/minlog-1.3.0.jar
7fb44d664000-7fb44d668000 r--s 0001a000 08:01 422427                     /home/hooglander/Desktop/spark-2.4.3-bin-hadoop2.7/jars/metrics-core-3.1.5.jar
7fb44d668000-7fb44d66a000 r--s 00012000 08:01 422325                     /home/hooglander/Desktop/spark-2.4.3-bin-hadoop2.7/jars/compress-lzf-1.0.3.jar
7fb44d66a000-7fb44d683000 r--s 0012c000 08:01 422432                     /home/hooglander/Desktop/spark-2.4.3-bin-hadoop2.7/jars/netty-3.9.9.Final.jar
7fb44d683000-7fb44d695000 r--s 00112000 08:01 422291                     /home/hooglander/Desktop/spark-2.4.3-bin-hadoop2.7/jars/arpack_combined_all-0.1.jar
7fb44d695000-7fb44d697000 r--s 00012000 08:01 422290                     /home/hooglander/Desktop/spark-2.4.3-bin-hadoop2.7/jars/api-util-1.0.0-M20.jar
7fb44d697000-7fb44d699000 r--s 00001000 08:01 422484                     /home/hooglander/Desktop/spark-2.4.3-bin-hadoop2.7/jars/spark-tags_2.11-2.4.3-tests.jar
7fb44d699000-7fb44d69a000 r--s 00000000 08:01 422417                     /home/hooglander/Desktop/spark-2.4.3-bin-hadoop2.7/jars/kubernetes-model-common-4.1.2.jar
7fb44d69a000-7fb44d69d000 r--s 0001e000 08:01 422280                     /home/hooglander/Desktop/spark-2.4.3-bin-hadoop2.7/jars/aircompressor-0.10.jar
7fb44d69d000-7fb44d6a4000 r--s 0003f000 08:01 422309                     /home/hooglander/Desktop/spark-2.4.3-bin-hadoop2.7/jars/commons-codec-1.10.jar
7fb44d6a4000-7fb44d6a5000 r--s 00003000 08:01 422429                     /home/hooglander/Desktop/spark-2.4.3-bin-hadoop2.7/jars/metrics-json-3.1.5.jar
7fb44d6a5000-7fb44d6a9000 r--s 00025000 08:01 422392                     /home/hooglander/Desktop/spark-2.4.3-bin-hadoop2.7/jars/jersey-client-2.22.2.jar
7fb44d6a9000-7fb44d6b4000 r--s 000b9000 08:01 422380                     /home/hooglander/Desktop/spark-2.4.3-bin-hadoop2.7/jars/janino-3.0.9.jar
7fb44d6b4000-7fb44d6b5000 r--s 00003000 08:01 422500                     /home/hooglander/Desktop/spark-2.4.3-bin-hadoop2.7/jars/xmlenc-0.52.jar
7fb44d6b5000-7fb44d6c6000 r--s 0010c000 08:01 422372                     /home/hooglander/Desktop/spark-2.4.3-bin-hadoop2.7/jars/jackson-databind-2.6.7.1.jar
7fb44d6c6000-7fb44d6c9000 r--s 00015000 08:01 422386                     /home/hooglander/Desktop/spark-2.4.3-bin-hadoop2.7/jars/javax.servlet-api-3.1.0.jar
7fb44d6c9000-7fb44d6cb000 r--s 00014000 08:01 422488                     /home/hooglander/Desktop/spark-2.4.3-bin-hadoop2.7/jars/spire-macros_2.11-0.13.0.jar
7fb44d6cb000-7fb44d72e000 r--s 004de000 08:01 422360                     /home/hooglander/Desktop/spark-2.4.3-bin-hadoop2.7/jars/hive-metastore-1.2.1.spark2.jar
7fb44d72e000-7fb44d731000 r--s 000fd000 08:01 422418                     /home/hooglander/Desktop/spark-2.4.3-bin-hadoop2.7/jars/leveldbjni-all-1.8.jar
7fb44d731000-7fb44d734000 r--s 00017000 08:01 422389                     /home/hooglander/Desktop/spark-2.4.3-bin-hadoop2.7/jars/jaxb-api-2.2.2.jar
7fb44d734000-7fb44d79f000 r--s 0093d000 08:01 422489                     /home/hooglander/Desktop/spark-2.4.3-bin-hadoop2.7/jars/spire_2.11-0.13.0.jar
7fb44d79f000-7fb44d7a0000 r--s 00009000 08:01 422357                     /home/hooglander/Desktop/spark-2.4.3-bin-hadoop2.7/jars/hive-cli-1.2.1.spark2.jar
7fb44d7a0000-7fb44d7cf000 r--s 0021a000 08:01 422478                     /home/hooglander/Desktop/spark-2.4.3-bin-hadoop2.7/jars/spark-network-common_2.11-2.4.3.jar
7fb44d7cf000-7fb44d7d7000 r--s 00066000 08:01 422286                     /home/hooglander/Desktop/spark-2.4.3-bin-hadoop2.7/jars/apache-log4j-extras-1.2.17.jar
7fb44d7d7000-7fb44d7d9000 r--s 00010000 08:01 422350                     /home/hooglander/Desktop/spark-2.4.3-bin-hadoop2.7/jars/hadoop-mapreduce-client-shuffle-2.7.3.jar
7fb44d7d9000-7fb44d7db000 r--s 0001f000 08:01 422314                     /home/hooglander/Desktop/spark-2.4.3-bin-hadoop2.7/jars/commons-crypto-1.0.0.jar
7fb44d7db000-7fb44d7df000 r--s 0002a000 08:01 422298                     /home/hooglander/Desktop/spark-2.4.3-bin-hadoop2.7/jars/avro-mapred-1.8.2-hadoop2.jar
7fb44d7df000-7fb44d8d5000 r--s 00bee000 08:01 422468                     /home/hooglander/Desktop/spark-2.4.3-bin-hadoop2.7/jars/spark-core_2.11-2.4.3.jar
7fb44d8d5000-7fb44d8e2000 r--s 00083000 08:01 422310                     /home/hooglander/Desktop/spark-2.4.3-bin-hadoop2.7/jars/commons-collections-3.2.2.jar
7fb44d8e2000-7fb44d8f8000 r--s 001a4000 08:01 422332                     /home/hooglander/Desktop/spark-2.4.3-bin-hadoop2.7/jars/datanucleus-rdbms-3.2.9.jar
7fb44d8f8000-7fb44d9d0000 r--s 00d92000 08:01 422301                     /home/hooglander/Desktop/spark-2.4.3-bin-hadoop2.7/jars/breeze_2.11-0.13.2.jar
7fb44d9d0000-7fb44d9d2000 r--s 00020000 08:01 422356                     /home/hooglander/Desktop/spark-2.4.3-bin-hadoop2.7/jars/hive-beeline-1.2.1.spark2.jar
7fb44d9d2000-7fb44d9d7000 r--s 00041000 08:01 422319                     /home/hooglander/Desktop/spark-2.4.3-bin-hadoop2.7/jars/commons-lang-2.6.jar
7fb44d9d7000-7fb44d9e2000 r--s 0007a000 08:01 422415                     /home/hooglander/Desktop/spark-2.4.3-bin-hadoop2.7/jars/kubernetes-client-4.1.2.jar
7fb44d9e2000-7fb44d9e4000 r--s 00011000 08:01 422474                     /home/hooglander/Desktop/spark-2.4.3-bin-hadoop2.7/jars/spark-launcher_2.11-2.4.3.jar
7fb44d9e4000-7fb44d9e8000 r--s 0004c000 08:01 422454                     /home/hooglander/Desktop/spark-2.4.3-bin-hadoop2.7/jars/RoaringBitmap-0.7.45.jar
7fb44d9e8000-7fb44d9e9000 r--s 00006000 08:01 422379                     /home/hooglander/Desktop/spark-2.4.3-bin-hadoop2.7/jars/jackson-xc-1.9.13.jar
7fb44d9e9000-7fb44d9eb000 r--s 00004000 08:01 422428                     /home/hooglander/Desktop/spark-2.4.3-bin-hadoop2.7/jars/metrics-graphite-3.1.5.jar
7fb44d9eb000-7fb44d9ec000 r--s 00002000 08:01 422404                     /home/hooglander/Desktop/spark-2.4.3-bin-hadoop2.7/jars/jpam-1.1.jar
7fb44d9ec000-7fb44d9ef000 r--s 00015000 08:01 422453                     /home/hooglander/Desktop/spark-2.4.3-bin-hadoop2.7/jars/pyrolite-4.13.jar
7fb44d9ef000-7fb44d9f0000 r--s 00004000 08:01 422334                     /home/hooglander/Desktop/spark-2.4.3-bin-hadoop2.7/jars/eigenbase-properties-1.1.5.jar
7fb44d9f0000-7fb44da31000 r--s 0035a000 08:01 422433                     /home/hooglander/Desktop/spark-2.4.3-bin-hadoop2.7/jars/netty-all-4.1.17.Final.jar
7fb44da31000-7fb44da33000 r--s 00003000 08:01 422289                     /home/hooglander/Desktop/spark-2.4.3-bin-hadoop2.7/jars/api-asn1-api-1.0.0-M20.jar
7fb44da33000-7fb44da38000 r--s 00041000 08:01 422448                     /home/hooglander/Desktop/spark-2.4.3-bin-hadoop2.7/jars/parquet-hadoop-1.10.1.jar
7fb44da38000-7fb44da43000 r--s 000bc000 08:01 422439                     /home/hooglander/Desktop/spark-2.4.3-bin-hadoop2.7/jars/orc-mapreduce-1.5.5-nohive.jar
7fb44da43000-7fb44da4b000 r--s 0003b000 08:01 422329                     /home/hooglander/Desktop/spark-2.4.3-bin-hadoop2.7/jars/curator-recipes-2.7.1.jar
7fb44da4b000-7fb44da4f000 r--s 0002a000 08:01 422300                     /home/hooglander/Desktop/spark-2.4.3-bin-hadoop2.7/jars/breeze-macros_2.11-0.13.2.jar
7fb44da4f000-7fb44da90000 r--s 006c0000 08:01 422426                     /home/hooglander/Desktop/spark-2.4.3-bin-hadoop2.7/jars/mesos-1.4.0-shaded-protobuf.jar
7fb44da90000-7fb44dac7000 r--s 00325000 08:01 422303                     /home/hooglander/Desktop/spark-2.4.3-bin-hadoop2.7/jars/calcite-core-1.2.0-incubating.jar
7fb44dac7000-7fb44dacd000 r--s 00028000 08:01 422328                     /home/hooglander/Desktop/spark-2.4.3-bin-hadoop2.7/jars/curator-framework-2.7.1.jar
7fb44dacd000-7fb44dace000 r--s 00013000 08:01 422436                     /home/hooglander/Desktop/spark-2.4.3-bin-hadoop2.7/jars/okio-1.13.0.jar
7fb44dace000-7fb44dadc000 r--s 000b1000 08:01 422375                     /home/hooglander/Desktop/spark-2.4.3-bin-hadoop2.7/jars/jackson-mapper-asl-1.9.13.jar
7fb44dadc000-7fb44daea000 r--s 0009d000 08:01 422393                     /home/hooglander/Desktop/spark-2.4.3-bin-hadoop2.7/jars/jersey-common-2.22.2.jar
7fb44daea000-7fb44daf1000 r--s 00053000 08:01 422312                     /home/hooglander/Desktop/spark-2.4.3-bin-hadoop2.7/jars/commons-compress-1.8.1.jar
7fb44daf1000-7fb44daf9000 r--s 0007b000 08:01 422451                     /home/hooglander/Desktop/spark-2.4.3-bin-hadoop2.7/jars/protobuf-java-2.5.0.jar
7fb44daf9000-7fb44dafc000 r--s 0000e000 08:01 422395                     /home/hooglander/Desktop/spark-2.4.3-bin-hadoop2.7/jars/jersey-container-servlet-core-2.22.2.jar
7fb44dafc000-7fb44dafe000 r--s 00003000 08:01 422381                     /home/hooglander/Desktop/spark-2.4.3-bin-hadoop2.7/jars/JavaEWAH-0.3.2.jar
7fb44dafe000-7fb44db01000 r--s 00006000 08:01 422410                     /home/hooglander/Desktop/spark-2.4.3-bin-hadoop2.7/jars/jsr305-1.3.9.jar
7fb44db01000-7fb44db02000 r--s 00002000 08:01 422463                     /home/hooglander/Desktop/spark-2.4.3-bin-hadoop2.7/jars/slf4j-log4j12-1.7.16.jar
7fb44db02000-7fb44db04000 r--s 00003000 08:01 422394                     /home/hooglander/Desktop/spark-2.4.3-bin-hadoop2.7/jars/jersey-container-servlet-2.22.2.jar
7fb44db04000-7fb44db05000 r--s 00007000 08:01 422376                     /home/hooglander/Desktop/spark-2.4.3-bin-hadoop2.7/jars/jackson-module-jaxb-annotations-2.6.7.jar
7fb44db05000-7fb44db09000 r--s 00014000 08:01 422445                     /home/hooglander/Desktop/spark-2.4.3-bin-hadoop2.7/jars/parquet-common-1.10.1.jar
7fb44db09000-7fb44db0e000 r--s 0002a000 08:01 422337                     /home/hooglander/Desktop/spark-2.4.3-bin-hadoop2.7/jars/gson-2.2.4.jar
7fb44db0e000-7fb44db1b000 r--s 00071000 08:01 422378                     /home/hooglander/Desktop/spark-2.4.3-bin-hadoop2.7/jars/jackson-module-scala_2.11-2.6.7.1.jar
7fb44db1b000-7fb44db1f000 r--s 0000c000 08:01 422497                     /home/hooglander/Desktop/spark-2.4.3-bin-hadoop2.7/jars/validation-api-1.1.0.Final.jar
7fb44db1f000-7fb44db22000 r--s 00009000 08:01 422369                     /home/hooglander/Desktop/spark-2.4.3-bin-hadoop2.7/jars/jackson-annotations-2.6.7.jar
7fb44db22000-7fb44db23000 r--s 00003000 08:01 422485                     /home/hooglander/Desktop/spark-2.4.3-bin-hadoop2.7/jars/spark-tags_2.11-2.4.3.jar
7fb44db23000-7fb44db25000 r--s 00010000 08:01 422397                     /home/hooglander/Desktop/spark-2.4.3-bin-hadoop2.7/jars/jersey-media-jaxb-2.22.2.jar
7fb44db25000-7fb44db2c000 r--s 00046000 08:01 422419                     /home/hooglander/Desktop/spark-2.4.3-bin-hadoop2.7/jars/libfb303-0.9.3.jar
7fb44db2c000-7fb44db30000 r--s 00019000 08:01 422387                     /home/hooglander/Desktop/spark-2.4.3-bin-hadoop2.7/jars/javax.ws.rs-api-2.0.1.jar
7fb44db30000-7fb44db32000 r--s 00008000 08:01 422311                     /home/hooglander/Desktop/spark-2.4.3-bin-hadoop2.7/jars/commons-compiler-3.0.9.jar
7fb44db32000-7fb44db37000 r--s 00035000 08:01 422306                     /home/hooglander/Desktop/spark-2.4.3-bin-hadoop2.7/jars/chill_2.11-0.9.3.jar
7fb44db37000-7fb44db3f000 r--s 0005d000 08:01 422414                     /home/hooglander/Desktop/spark-2.4.3-bin-hadoop2.7/jars/kryo-shaded-4.0.2.jar
7fb44db3f000-7fb44db43000 r--s 0001e000 08:01 422480                     /home/hooglander/Desktop/spark-2.4.3-bin-hadoop2.7/jars/spark-repl_2.11-2.4.3.jar
7fb44db43000-7fb44db49000 r--s 00034000 08:01 422420                     /home/hooglander/Desktop/spark-2.4.3-bin-hadoop2.7/jars/libthrift-0.9.3.jar
7fb44db49000-7fb44db79000 r--s 001e3000 08:01 422483                     /home/hooglander/Desktop/spark-2.4.3-bin-hadoop2.7/jars/spark-streaming_2.11-2.4.3.jar
7fb44db79000-7fb44db7b000 r--s 00015000 08:01 422342                     /home/hooglander/Desktop/spark-2.4.3-bin-hadoop2.7/jars/hadoop-auth-2.7.3.jar
7fb44db7b000-7fb44db7d000 r--s 00006000 08:01 422481                     /home/hooglander/Desktop/spark-2.4.3-bin-hadoop2.7/jars/spark-sketch_2.11-2.4.3.jar
7fb44db7d000-7fb44db94000 r--s 00183000 08:01 422353                     /home/hooglander/Desktop/spark-2.4.3-bin-hadoop2.7/jars/hadoop-yarn-common-2.7.3.jar
7fb44db94000-7fb44db9a000 r--s 0002c000 08:01 422391                     /home/hooglander/Desktop/spark-2.4.3-bin-hadoop2.7/jars/jdo-api-3.0.1.jar
7fb44db9a000-7fb44db9d000 r--s 00014000 08:01 422495                     /home/hooglander/Desktop/spark-2.4.3-bin-hadoop2.7/jars/super-csv-2.2.0.jar
7fb44db9d000-7fb44dba5000 r--s 00059000 08:01 422388                     /home/hooglander/Desktop/spark-2.4.3-bin-hadoop2.7/jars/javolution-5.5.1.jar
7fb44dba5000-7fb44dbb0000 r--s 000b0000 08:01 422412                     /home/hooglander/Desktop/spark-2.4.3-bin-hadoop2.7/jars/jtransforms-2.4.0.jar
7fb44dbb0000-7fb44dbb1000 r--s 00001000 08:01 422385                     /home/hooglander/Desktop/spark-2.4.3-bin-hadoop2.7/jars/javax.inject-2.4.0-b34.jar
7fb44dbb1000-7fb44dbb4000 r--s 0000f000 08:01 422479                     /home/hooglander/Desktop/spark-2.4.3-bin-hadoop2.7/jars/spark-network-shuffle_2.11-2.4.3.jar
7fb44dbb4000-7fb44dbc6000 r--s 00097000 08:01 422288                     /home/hooglander/Desktop/spark-2.4.3-bin-hadoop2.7/jars/apacheds-kerberos-codec-2.0.0-M15.jar
7fb44dbc6000-7fb44dbca000 r--s 0003e000 08:01 422401                     /home/hooglander/Desktop/spark-2.4.3-bin-hadoop2.7/jars/jline-2.14.6.jar
7fb44dbca000-7fb44dbcc000 r--s 00002000 08:01 422285                     /home/hooglander/Desktop/spark-2.4.3-bin-hadoop2.7/jars/aopalliance-repackaged-2.4.0-b34.jar
7fb44dbcc000-7fb44dca8000 r--s 00818000 08:01 422416                     /home/hooglander/Desktop/spark-2.4.3-bin-hadoop2.7/jars/kubernetes-model-4.1.2.jar
7fb44dca8000-7fb44dcae000 r--s 00043000 08:01 422313                     /home/hooglander/Desktop/spark-2.4.3-bin-hadoop2.7/jars/commons-configuration-1.6.jar
7fb44dcae000-7fb44dcb3000 r--s 0004e000 08:01 422330                     /home/hooglander/Desktop/spark-2.4.3-bin-hadoop2.7/jars/datanucleus-api-jdo-3.2.6.jar
7fb44dcb3000-7fb44dcb5000 r--s 0000e000 08:01 422441                     /home/hooglander/Desktop/spark-2.4.3-bin-hadoop2.7/jars/oro-2.0.8.jar
7fb44dcb5000-7fb44dcc5000 r--s 00095000 08:01 422487                     /home/hooglander/Desktop/spark-2.4.3-bin-hadoop2.7/jars/spark-yarn_2.11-2.4.3.jar
7fb44dcc5000-7fb44dcc6000 r--s 00006000 08:01 422440                     /home/hooglander/Desktop/spark-2.4.3-bin-hadoop2.7/jars/orc-shims-1.5.5.jar
7fb44dcc6000-7fb44dcc9000 r--s 0000b000 08:01 422434                     /home/hooglander/Desktop/spark-2.4.3-bin-hadoop2.7/jars/objenesis-2.5.1.jar
7fb44dcc9000-7fb44dccb000 r--s 0001c000 08:01 422452                     /home/hooglander/Desktop/spark-2.4.3-bin-hadoop2.7/jars/py4j-0.10.7.jar
7fb44dccb000-7fb44dcd8000 r--s 00077000 08:01 422472                     /home/hooglander/Desktop/spark-2.4.3-bin-hadoop2.7/jars/spark-kubernetes_2.11-2.4.3.jar
7fb44dcd8000-7fb44dcda000 r--s 0000e000 08:01 422340                     /home/hooglander/Desktop/spark-2.4.3-bin-hadoop2.7/jars/guice-servlet-3.0.jar
7fb44dcda000-7fb44dce1000 r--s 0007d000 08:01 422399                     /home/hooglander/Desktop/spark-2.4.3-bin-hadoop2.7/jars/jetty-6.1.26.jar
7fb44dce1000-7fb44dcec000 r--s 000c5000 08:01 422446                     /home/hooglander/Desktop/spark-2.4.3-bin-hadoop2.7/jars/parquet-encoding-1.10.1.jar
7fb44dcec000-7fb44dcee000 r--s 0000d000 08:01 422305                     /home/hooglander/Desktop/spark-2.4.3-bin-hadoop2.7/jars/chill-java-0.9.3.jar
7fb44dcee000-7fb44dcfa000 r--s 00068000 08:01 422457                     /home/hooglander/Desktop/spark-2.4.3-bin-hadoop2.7/jars/scala-parser-combinators_2.11-1.1.0.jar
7fb44dcfa000-7fb44dcfc000 r--s 0000b000 08:01 422292                     /home/hooglander/Desktop/spark-2.4.3-bin-hadoop2.7/jars/arrow-format-0.10.0.jar
7fb44dcfc000-7fb44dd49000 r--s 0041c000 08:01 422458                     /home/hooglander/Desktop/spark-2.4.3-bin-hadoop2.7/jars/scala-reflect-2.11.12.jar
7fb44dd49000-7fb44dd78000 r--s 002e5000 08:01 422333                     /home/hooglander/Desktop/spark-2.4.3-bin-hadoop2.7/jars/derby-10.12.1.1.jar
7fb44dd78000-7fb44dd7f000 r--s 00058000 08:01 422354                     /home/hooglander/Desktop/spark-2.4.3-bin-hadoop2.7/jars/hadoop-yarn-server-common-2.7.3.jar
7fb44dd7f000-7fb44dd80000 r--s 00003000 08:01 422336                     /home/hooglander/Desktop/spark-2.4.3-bin-hadoop2.7/jars/generex-1.0.1.jar
7fb44dd80000-7fb44dd8d000 r--s 000a0000 08:01 422469                     /home/hooglander/Desktop/spark-2.4.3-bin-hadoop2.7/jars/spark-graphx_2.11-2.4.3.jar
7fb44dd8d000-7fb44dd8e000 r--s 00002000 08:01 422335                     /home/hooglander/Desktop/spark-2.4.3-bin-hadoop2.7/jars/flatbuffers-1.2.0-3f79e055.jar
7fb44dd8e000-7fb44dd92000 r--s 00029000 08:01 422362                     /home/hooglander/Desktop/spark-2.4.3-bin-hadoop2.7/jars/hk2-locator-2.4.0-b34.jar
7fb44dd92000-7fb44dd94000 r--s 0000b000 08:01 422486                     /home/hooglander/Desktop/spark-2.4.3-bin-hadoop2.7/jars/spark-unsafe_2.11-2.4.3.jar
7fb44dd94000-7fb44dd97000 r--s 00028000 08:01 422493                     /home/hooglander/Desktop/spark-2.4.3-bin-hadoop2.7/jars/stream-2.7.0.jar
7fb44dd97000-7fb44dda1000 r--s 0007b000 08:01 422346                     /home/hooglander/Desktop/spark-2.4.3-bin-hadoop2.7/jars/hadoop-mapreduce-client-app-2.7.3.jar
7fb44dda1000-7fb44de0c000 r--s 00784000 08:01 422345                     /home/hooglander/Desktop/spark-2.4.3-bin-hadoop2.7/jars/hadoop-hdfs-2.7.3.jar
7fb44de0c000-7fb44de0d000 r--s 00008000 08:01 422424                     /home/hooglander/Desktop/spark-2.4.3-bin-hadoop2.7/jars/machinist_2.11-0.6.1.jar
7fb44de0d000-7fb44de0e000 r--s 00006000 08:01 422343                     /home/hooglander/Desktop/spark-2.4.3-bin-hadoop2.7/jars/hadoop-client-2.7.3.jar
7fb44de0e000-7fb44de11000 r--s 0001e000 08:01 422297                     /home/hooglander/Desktop/spark-2.4.3-bin-hadoop2.7/jars/avro-ipc-1.8.2.jar
7fb44de11000-7fb44de1b000 r--s 000a5000 08:01 422382                     /home/hooglander/Desktop/spark-2.4.3-bin-hadoop2.7/jars/javassist-3.18.1-GA.jar
7fb44de1b000-7fb44de4f000 r--s 00277000 08:01 422449                     /home/hooglander/Desktop/spark-2.4.3-bin-hadoop2.7/jars/parquet-hadoop-bundle-1.6.0.jar
7fb44de4f000-7fb44de50000 r--s 00003000 08:01 422411                     /home/hooglander/Desktop/spark-2.4.3-bin-hadoop2.7/jars/jta-1.1.jar
7fb44de50000-7fb44de54000 r--s 00028000 08:01 422400                     /home/hooglander/Desktop/spark-2.4.3-bin-hadoop2.7/jars/jetty-util-6.1.26.jar
7fb44de54000-7fb44de55000 r--s 00004000 08:01 422374                     /home/hooglander/Desktop/spark-2.4.3-bin-hadoop2.7/jars/jackson-jaxrs-1.9.13.jar
7fb44de55000-7fb44de57000 r--s 0000d000 08:01 422355                     /home/hooglander/Desktop/spark-2.4.3-bin-hadoop2.7/jars/hadoop-yarn-server-web-proxy-2.7.3.jar
7fb44de57000-7fb44de5a000 r--s 00015000 08:01 422324                     /home/hooglander/Desktop/spark-2.4.3-bin-hadoop2.7/jars/commons-pool-1.5.4.jar
7fb44de5a000-7fb44de68000 r--s 00089000 08:01 422408                     /home/hooglander/Desktop/spark-2.4.3-bin-hadoop2.7/jars/json4s-scalap_2.11-3.5.3.jar
7fb44de68000-7fb44de8c000 r--s 001cd000 08:01 422322                     /home/hooglander/Desktop/spark-2.4.3-bin-hadoop2.7/jars/commons-math3-3.4.1.jar
7fb44de8c000-7fb44de92000 r--s 0005c000 08:01 422435                     /home/hooglander/Desktop/spark-2.4.3-bin-hadoop2.7/jars/okhttp-3.8.1.jar
7fb44de92000-7fb44de94000 r--s 00007000 08:01 422502                     /home/hooglander/Desktop/spark-2.4.3-bin-hadoop2.7/jars/zjsonpatch-0.3.0.jar
7fb44de94000-7fb44df27000 r--s 00715000 08:01 422477                     /home/hooglander/Desktop/spark-2.4.3-bin-hadoop2.7/jars/spark-mllib_2.11-2.4.3.jar
7fb44df27000-7fb44df80000 r--s 00523000 08:01 422456                     /home/hooglander/Desktop/spark-2.4.3-bin-hadoop2.7/jars/scala-library-2.11.12.jar
7fb44df80000-7fb44e03d000 r--s 00902000 08:01 422467                     /home/hooglander/Desktop/spark-2.4.3-bin-hadoop2.7/jars/spark-catalyst_2.11-2.4.3.jar
7fb44e03d000-7fb44e03f000 r--s 00009000 08:01 422308                     /home/hooglander/Desktop/spark-2.4.3-bin-hadoop2.7/jars/commons-cli-1.2.jar
7fb44e03f000-7fb44e040000 r--s 0000b000 08:01 422465                     /home/hooglander/Desktop/spark-2.4.3-bin-hadoop2.7/jars/snappy-0.2.jar
7fb44e040000-7fb44e042000 r--s 0000f000 08:01 422279                     /home/hooglander/Desktop/spark-2.4.3-bin-hadoop2.7/jars/activation-1.1.1.jar
7fb44e042000-7fb44e05a000 r--s 001b6000 08:01 422331                     /home/hooglander/Desktop/spark-2.4.3-bin-hadoop2.7/jars/datanucleus-core-3.2.10.jar
7fb44e05a000-7fb44e070000 r--s 000d3000 08:01 422398                     /home/hooglander/Desktop/spark-2.4.3-bin-hadoop2.7/jars/jersey-server-2.22.2.jar
7fb44e070000-7fb44e075000 r--s 00038000 08:01 422307                     /home/hooglander/Desktop/spark-2.4.3-bin-hadoop2.7/jars/commons-beanutils-1.9.3.jar
7fb44e075000-7fb44e13b000 r--s 008a7000 08:01 422482                     /home/hooglander/Desktop/spark-2.4.3-bin-hadoop2.7/jars/spark-sql_2.11-2.4.3.jar
7fb44e13b000-7fb44e13c000 r--s 00004000 08:01 422437                     /home/hooglander/Desktop/spark-2.4.3-bin-hadoop2.7/jars/opencsv-2.3.jar
7fb44e13c000-7fb44e159000 r--s 001d5000 08:01 422351                     /home/hooglander/Desktop/spark-2.4.3-bin-hadoop2.7/jars/hadoop-yarn-api-2.7.3.jar
7fb44e159000-7fb44e15c000 r--s 00058000 08:01 422423                     /home/hooglander/Desktop/spark-2.4.3-bin-hadoop2.7/jars/lz4-java-1.4.0.jar
7fb44e15c000-7fb44e169000 r--s 0009c000 08:01 422406                     /home/hooglander/Desktop/spark-2.4.3-bin-hadoop2.7/jars/json4s-core_2.11-3.5.3.jar
7fb44e169000-7fb44e170000 r--s 00039000 08:01 422302                     /home/hooglander/Desktop/spark-2.4.3-bin-hadoop2.7/jars/calcite-avatica-1.2.0-incubating.jar
7fb44e170000-7fb44e174000 r--s 0003c000 08:01 422370                     /home/hooglander/Desktop/spark-2.4.3-bin-hadoop2.7/jars/jackson-core-2.6.7.jar
7fb44e174000-7fb44e181000 r--s 000b1000 08:01 422347                     /home/hooglander/Desktop/spark-2.4.3-bin-hadoop2.7/jars/hadoop-mapreduce-client-common-2.7.3.jar
7fb44e181000-7fb44e183000 r--s 00005000 08:01 422492                     /home/hooglander/Desktop/spark-2.4.3-bin-hadoop2.7/jars/stax-api-1.0.1.jar
7fb44e183000-7fb44e184000 r--s 00000000 08:01 422461                     /home/hooglander/Desktop/spark-2.4.3-bin-hadoop2.7/jars/shims-0.7.45.jar
7fb44e184000-7fb44e198000 r--s 000ec000 08:01 422450                     /home/hooglander/Desktop/spark-2.4.3-bin-hadoop2.7/jars/parquet-jackson-1.10.1.jar
7fb44e198000-7fb44e1a6000 r--s 000a3000 08:01 422447                     /home/hooglander/Desktop/spark-2.4.3-bin-hadoop2.7/jars/parquet-format-2.4.0.jar
7fb44e1a6000-7fb44e1aa000 r--s 0001a000 08:01 422363                     /home/hooglander/Desktop/spark-2.4.3-bin-hadoop2.7/jars/hk2-utils-2.4.0-b34.jar
7fb44e1aa000-7fb44e1ae000 r--s 00035000 08:01 422371                     /home/hooglander/Desktop/spark-2.4.3-bin-hadoop2.7/jars/jackson-core-asl-1.9.13.jar
7fb44e1ae000-7fb44e1af000 r--s 00000000 08:01 422425                     /home/hooglander/Desktop/spark-2.4.3-bin-hadoop2.7/jars/macro-compat_2.11-1.1.1.jar
7fb44e1af000-7fb44e1d0000 r--s 0015c000 08:01 422296                     /home/hooglander/Desktop/spark-2.4.3-bin-hadoop2.7/jars/avro-1.8.2.jar
7fb44e1d0000-7fb44e279000 r--s 00a4f000 08:01 422358                     /home/hooglander/Desktop/spark-2.4.3-bin-hadoop2.7/jars/hive-exec-1.2.1.spark2.jar
7fb44e279000-7fb44e27b000 r--s 00008000 08:01 422430                     /home/hooglander/Desktop/spark-2.4.3-bin-hadoop2.7/jars/metrics-jvm-3.1.5.jar
7fb44e27b000-7fb44e294000 r--s 00164000 08:01 422348                     /home/hooglander/Desktop/spark-2.4.3-bin-hadoop2.7/jars/hadoop-mapreduce-client-core-2.7.3.jar
7fb44e294000-7fb44e2aa000 r--s 00124000 08:01 422368                     /home/hooglander/Desktop/spark-2.4.3-bin-hadoop2.7/jars/ivy-2.4.0.jar
7fb44e2aa000-7fb44e2ab000 r--s 00004000 08:01 422442                     /home/hooglander/Desktop/spark-2.4.3-bin-hadoop2.7/jars/osgi-resource-locator-1.0.1.jar
7fb44e2ab000-7fb44e2d0000 rw-p 00000000 00:00 0 
7fb44e2d0000-7fb44e3dd000 r--s 00dd7000 08:01 422455                     /home/hooglander/Desktop/spark-2.4.3-bin-hadoop2.7/jars/scala-compiler-2.11.12.jar
7fb44e3dd000-7fb44e3ea000 r--s 000af000 08:01 422366                     /home/hooglander/Desktop/spark-2.4.3-bin-hadoop2.7/jars/httpclient-4.5.6.jar
7fb44e3ea000-7fb44e40b000 r--s 00177000 08:01 422364                     /home/hooglander/Desktop/spark-2.4.3-bin-hadoop2.7/jars/hppc-0.7.2.jar
7fb44e40b000-7fb44e414000 r--s 00046000 08:01 422373                     /home/hooglander/Desktop/spark-2.4.3-bin-hadoop2.7/jars/jackson-dataformat-yaml-2.6.7.jar
7fb44e414000-7fb44e416000 r--s 00007000 08:01 422443                     /home/hooglander/Desktop/spark-2.4.3-bin-hadoop2.7/jars/paranamer-2.8.jar
7fb44e416000-7fb44e42f000 r--s 00150000 08:01 422365                     /home/hooglander/Desktop/spark-2.4.3-bin-hadoop2.7/jars/htrace-core-3.1.0-incubating.jar
7fb44e42f000-7fb44e433000 r--s 00029000 08:01 422476                     /home/hooglander/Desktop/spark-2.4.3-bin-hadoop2.7/jars/spark-mllib-local_2.11-2.4.3.jar
7fb44e433000-7fb44e442000 r--s 0009f000 08:01 422339                     /home/hooglander/Desktop/spark-2.4.3-bin-hadoop2.7/jars/guice-3.0.jar
7fb44e442000-7fb44e445000 r--s 00016000 08:01 422409                     /home/hooglander/Desktop/spark-2.4.3-bin-hadoop2.7/jars/jsp-api-2.1.jar
7fb44e445000-7fb44e448000 r--s 001eb000 08:01 422466                     /home/hooglander/Desktop/spark-2.4.3-bin-hadoop2.7/jars/snappy-java-1.1.7.3.jar
7fb44e448000-7fb44e44f000 r--s 00049000 08:01 422367                     /home/hooglander/Desktop/spark-2.4.3-bin-hadoop2.7/jars/httpcore-4.4.10.jar
7fb44e44f000-7fb44e46a000 r--s 0012d000 08:01 422471                     /home/hooglander/Desktop/spark-2.4.3-bin-hadoop2.7/jars/spark-hive_2.11-2.4.3.jar
7fb44e46a000-7fb44e4b0000 r--s 00317000 08:01 422460                     /home/hooglander/Desktop/spark-2.4.3-bin-hadoop2.7/jars/shapeless_2.11-2.3.2.jar
7fb44e4b0000-7fb44f000000 r--p 00000000 08:01 530213                     /usr/lib/locale/locale-archive
7fb44f000000-7fb451000000 rw-p 00000000 00:00 0 
7fb451000000-7fb451890000 rwxp 00000000 00:00 0 
7fb451890000-7fb460000000 ---p 00000000 00:00 0 
7fb460000000-7fb463ffa000 rw-p 00000000 00:00 0 
7fb463ffa000-7fb464000000 ---p 00000000 00:00 0 
7fb464000000-7fb464002000 r--s 00000000 08:01 422413                     /home/hooglander/Desktop/spark-2.4.3-bin-hadoop2.7/jars/jul-to-slf4j-1.7.16.jar
7fb464002000-7fb46400b000 r--s 0006f000 08:01 422421                     /home/hooglander/Desktop/spark-2.4.3-bin-hadoop2.7/jars/log4j-1.2.17.jar
7fb46400b000-7fb46400e000 r--s 00014000 08:01 422405                     /home/hooglander/Desktop/spark-2.4.3-bin-hadoop2.7/jars/json4s-ast_2.11-3.5.3.jar
7fb46400e000-7fb464011000 r--s 00025000 08:01 422315                     /home/hooglander/Desktop/spark-2.4.3-bin-hadoop2.7/jars/commons-dbcp-1.4.jar
7fb464011000-7fb464014000 r--s 00022000 08:01 422494                     /home/hooglander/Desktop/spark-2.4.3-bin-hadoop2.7/jars/stringtemplate-3.2.1.jar
7fb464014000-7fb46402c000 r--s 00115000 08:01 422499                     /home/hooglander/Desktop/spark-2.4.3-bin-hadoop2.7/jars/xercesImpl-2.9.1.jar
7fb46402c000-7fb464032000 r--s 00045000 08:01 422317                     /home/hooglander/Desktop/spark-2.4.3-bin-hadoop2.7/jars/commons-httpclient-3.1.jar
7fb464032000-7fb46404a000 r--s 000d6000 08:01 422396                     /home/hooglander/Desktop/spark-2.4.3-bin-hadoop2.7/jars/jersey-guava-2.22.2.jar
7fb46404a000-7fb46404f000 r--s 00027000 08:01 422361                     /home/hooglander/Desktop/spark-2.4.3-bin-hadoop2.7/jars/hk2-api-2.4.0-b34.jar
7fb46404f000-7fb464060000 r--s 00089000 08:01 422402                     /home/hooglander/Desktop/spark-2.4.3-bin-hadoop2.7/jars/joda-time-2.9.3.jar
7fb464060000-7fb464062000 r--s 0000e000 08:01 422349                     /home/hooglander/Desktop/spark-2.4.3-bin-hadoop2.7/jars/hadoop-mapreduce-client-jobclient-2.7.3.jar
7fb464062000-7fb46408b000 r--s 001ee000 08:01 422338                     /home/hooglander/Desktop/spark-2.4.3-bin-hadoop2.7/jars/guava-14.0.1.jar
7fb46408b000-7fb4640c1000 r--s 0031c000 08:01 422344                     /home/hooglander/Desktop/spark-2.4.3-bin-hadoop2.7/jars/hadoop-common-2.7.3.jar
7fb4640c1000-7fb4640c3000 r--s 00000000 08:01 422284                     /home/hooglander/Desktop/spark-2.4.3-bin-hadoop2.7/jars/aopalliance-1.0.jar
7fb4640c3000-7fb4640cb000 r--s 0005b000 08:01 422496                     /home/hooglander/Desktop/spark-2.4.3-bin-hadoop2.7/jars/univocity-parsers-2.7.3.jar
7fb4640cb000-7fb4640d7000 r--s 000b6000 08:01 422503                     /home/hooglander/Desktop/spark-2.4.3-bin-hadoop2.7/jars/zookeeper-3.4.6.jar
7fb4640d7000-7fb4640d8000 ---p 00000000 00:00 0 
7fb4640d8000-7fb4641d8000 rw-p 00000000 00:00 0 
7fb4641d8000-7fb4641db000 ---p 00000000 00:00 0 
7fb4641db000-7fb4642d9000 rw-p 00000000 00:00 0 
7fb4642d9000-7fb4642da000 ---p 00000000 00:00 0 
7fb4642da000-7fb4642dd000 ---p 00000000 00:00 0 
7fb4642dd000-7fb4643da000 rw-p 00000000 00:00 0 
7fb4643da000-7fb4643db000 ---p 00000000 00:00 0 
7fb4643db000-7fb4643de000 ---p 00000000 00:00 0 
7fb4643de000-7fb4644db000 rw-p 00000000 00:00 0 
7fb4644db000-7fb4644de000 ---p 00000000 00:00 0 
7fb4644de000-7fb4645dc000 rw-p 00000000 00:00 0 
7fb4645dc000-7fb4645df000 ---p 00000000 00:00 0 
7fb4645df000-7fb4646dd000 rw-p 00000000 00:00 0 
7fb4646dd000-7fb4646e0000 ---p 00000000 00:00 0 
7fb4646e0000-7fb4647de000 rw-p 00000000 00:00 0 
7fb4647de000-7fb4647df000 ---p 00000000 00:00 0 
7fb4647df000-7fb465259000 rw-p 00000000 00:00 0 
7fb465259000-7fb465433000 r--s 03d88000 08:01 421774                     /usr/lib/java/jdk1.8.0_221/jre/lib/rt.jar
7fb465433000-7fb465ea9000 rw-p 00000000 00:00 0 
7fb465ea9000-7fb465eaa000 ---p 00000000 00:00 0 
7fb465eaa000-7fb465faa000 rw-p 00000000 00:00 0 
7fb465faa000-7fb465fab000 ---p 00000000 00:00 0 
7fb465fab000-7fb4660bd000 rw-p 00000000 00:00 0 
7fb4660bd000-7fb466201000 ---p 00000000 00:00 0 
7fb466201000-7fb466213000 rw-p 00000000 00:00 0 
7fb466213000-7fb466356000 ---p 00000000 00:00 0 
7fb466356000-7fb4663aa000 rw-p 00000000 00:00 0 
7fb4663aa000-7fb466401000 ---p 00000000 00:00 0 
7fb466401000-7fb466425000 rw-p 00000000 00:00 0 
7fb466425000-7fb4667c2000 ---p 00000000 00:00 0 
7fb4667c2000-7fb4667dd000 r-xp 00000000 08:01 421560                     /usr/lib/java/jdk1.8.0_221/jre/lib/amd64/libzip.so
7fb4667dd000-7fb4669dc000 ---p 0001b000 08:01 421560                     /usr/lib/java/jdk1.8.0_221/jre/lib/amd64/libzip.so
7fb4669dc000-7fb4669dd000 r--p 0001a000 08:01 421560                     /usr/lib/java/jdk1.8.0_221/jre/lib/amd64/libzip.so
7fb4669dd000-7fb4669de000 rw-p 0001b000 08:01 421560                     /usr/lib/java/jdk1.8.0_221/jre/lib/amd64/libzip.so
7fb4669de000-7fb4669e9000 r-xp 00000000 08:01 268361                     /lib/x86_64-linux-gnu/libnss_files-2.27.so
7fb4669e9000-7fb466be8000 ---p 0000b000 08:01 268361                     /lib/x86_64-linux-gnu/libnss_files-2.27.so
7fb466be8000-7fb466be9000 r--p 0000a000 08:01 268361                     /lib/x86_64-linux-gnu/libnss_files-2.27.so
7fb466be9000-7fb466bea000 rw-p 0000b000 08:01 268361                     /lib/x86_64-linux-gnu/libnss_files-2.27.so
7fb466bea000-7fb466bf0000 rw-p 00000000 00:00 0 
7fb466bf0000-7fb466c07000 r-xp 00000000 08:01 268355                     /lib/x86_64-linux-gnu/libnsl-2.27.so
7fb466c07000-7fb466e06000 ---p 00017000 08:01 268355                     /lib/x86_64-linux-gnu/libnsl-2.27.so
7fb466e06000-7fb466e07000 r--p 00016000 08:01 268355                     /lib/x86_64-linux-gnu/libnsl-2.27.so
7fb466e07000-7fb466e08000 rw-p 00017000 08:01 268355                     /lib/x86_64-linux-gnu/libnsl-2.27.so
7fb466e08000-7fb466e0a000 rw-p 00000000 00:00 0 
7fb466e0a000-7fb466e15000 r-xp 00000000 08:01 268372                     /lib/x86_64-linux-gnu/libnss_nis-2.27.so
7fb466e15000-7fb467014000 ---p 0000b000 08:01 268372                     /lib/x86_64-linux-gnu/libnss_nis-2.27.so
7fb467014000-7fb467015000 r--p 0000a000 08:01 268372                     /lib/x86_64-linux-gnu/libnss_nis-2.27.so
7fb467015000-7fb467016000 rw-p 0000b000 08:01 268372                     /lib/x86_64-linux-gnu/libnss_nis-2.27.so
7fb467016000-7fb46701e000 r-xp 00000000 08:01 268357                     /lib/x86_64-linux-gnu/libnss_compat-2.27.so
7fb46701e000-7fb46721e000 ---p 00008000 08:01 268357                     /lib/x86_64-linux-gnu/libnss_compat-2.27.so
7fb46721e000-7fb46721f000 r--p 00008000 08:01 268357                     /lib/x86_64-linux-gnu/libnss_compat-2.27.so
7fb46721f000-7fb467220000 rw-p 00009000 08:01 268357                     /lib/x86_64-linux-gnu/libnss_compat-2.27.so
7fb467220000-7fb46724c000 r-xp 00000000 08:01 421525                     /usr/lib/java/jdk1.8.0_221/jre/lib/amd64/libjava.so
7fb46724c000-7fb46744c000 ---p 0002c000 08:01 421525                     /usr/lib/java/jdk1.8.0_221/jre/lib/amd64/libjava.so
7fb46744c000-7fb46744d000 r--p 0002c000 08:01 421525                     /usr/lib/java/jdk1.8.0_221/jre/lib/amd64/libjava.so
7fb46744d000-7fb46744f000 rw-p 0002d000 08:01 421525                     /usr/lib/java/jdk1.8.0_221/jre/lib/amd64/libjava.so
7fb46744f000-7fb46745c000 r-xp 00000000 08:01 421559                     /usr/lib/java/jdk1.8.0_221/jre/lib/amd64/libverify.so
7fb46745c000-7fb46765b000 ---p 0000d000 08:01 421559                     /usr/lib/java/jdk1.8.0_221/jre/lib/amd64/libverify.so
7fb46765b000-7fb46765d000 r--p 0000c000 08:01 421559                     /usr/lib/java/jdk1.8.0_221/jre/lib/amd64/libverify.so
7fb46765d000-7fb46765e000 rw-p 0000e000 08:01 421559                     /usr/lib/java/jdk1.8.0_221/jre/lib/amd64/libverify.so
7fb46765e000-7fb467665000 r-xp 00000000 08:01 268412                     /lib/x86_64-linux-gnu/librt-2.27.so
7fb467665000-7fb467864000 ---p 00007000 08:01 268412                     /lib/x86_64-linux-gnu/librt-2.27.so
7fb467864000-7fb467865000 r--p 00006000 08:01 268412                     /lib/x86_64-linux-gnu/librt-2.27.so
7fb467865000-7fb467866000 rw-p 00007000 08:01 268412                     /lib/x86_64-linux-gnu/librt-2.27.so
7fb467866000-7fb467a03000 r-xp 00000000 08:01 268334                     /lib/x86_64-linux-gnu/libm-2.27.so
7fb467a03000-7fb467c02000 ---p 0019d000 08:01 268334                     /lib/x86_64-linux-gnu/libm-2.27.so
7fb467c02000-7fb467c03000 r--p 0019c000 08:01 268334                     /lib/x86_64-linux-gnu/libm-2.27.so
7fb467c03000-7fb467c04000 rw-p 0019d000 08:01 268334                     /lib/x86_64-linux-gnu/libm-2.27.so
7fb467c04000-7fb4688ec000 r-xp 00000000 08:01 421562                     /usr/lib/java/jdk1.8.0_221/jre/lib/amd64/server/libjvm.so
7fb4688ec000-7fb468aeb000 ---p 00ce8000 08:01 421562                     /usr/lib/java/jdk1.8.0_221/jre/lib/amd64/server/libjvm.so
7fb468aeb000-7fb468b81000 r--p 00ce7000 08:01 421562                     /usr/lib/java/jdk1.8.0_221/jre/lib/amd64/server/libjvm.so
7fb468b81000-7fb468bb2000 rw-p 00d7d000 08:01 421562                     /usr/lib/java/jdk1.8.0_221/jre/lib/amd64/server/libjvm.so
7fb468bb2000-7fb468bed000 rw-p 00000000 00:00 0 
7fb468bed000-7fb468dd4000 r-xp 00000000 08:01 268271                     /lib/x86_64-linux-gnu/libc-2.27.so
7fb468dd4000-7fb468fd4000 ---p 001e7000 08:01 268271                     /lib/x86_64-linux-gnu/libc-2.27.so
7fb468fd4000-7fb468fd8000 r--p 001e7000 08:01 268271                     /lib/x86_64-linux-gnu/libc-2.27.so
7fb468fd8000-7fb468fda000 rw-p 001eb000 08:01 268271                     /lib/x86_64-linux-gnu/libc-2.27.so
7fb468fda000-7fb468fde000 rw-p 00000000 00:00 0 
7fb468fde000-7fb468fe1000 r-xp 00000000 08:01 268294                     /lib/x86_64-linux-gnu/libdl-2.27.so
7fb468fe1000-7fb4691e0000 ---p 00003000 08:01 268294                     /lib/x86_64-linux-gnu/libdl-2.27.so
7fb4691e0000-7fb4691e1000 r--p 00002000 08:01 268294                     /lib/x86_64-linux-gnu/libdl-2.27.so
7fb4691e1000-7fb4691e2000 rw-p 00003000 08:01 268294                     /lib/x86_64-linux-gnu/libdl-2.27.so
7fb4691e2000-7fb4691f9000 r-xp 00000000 08:01 789288                     /usr/lib/java/jdk1.8.0_221/lib/amd64/jli/libjli.so
7fb4691f9000-7fb4693f8000 ---p 00017000 08:01 789288                     /usr/lib/java/jdk1.8.0_221/lib/amd64/jli/libjli.so
7fb4693f8000-7fb4693f9000 r--p 00016000 08:01 789288                     /usr/lib/java/jdk1.8.0_221/lib/amd64/jli/libjli.so
7fb4693f9000-7fb4693fa000 rw-p 00017000 08:01 789288                     /usr/lib/java/jdk1.8.0_221/lib/amd64/jli/libjli.so
7fb4693fa000-7fb469414000 r-xp 00000000 08:01 268404                     /lib/x86_64-linux-gnu/libpthread-2.27.so
7fb469414000-7fb469613000 ---p 0001a000 08:01 268404                     /lib/x86_64-linux-gnu/libpthread-2.27.so
7fb469613000-7fb469614000 r--p 00019000 08:01 268404                     /lib/x86_64-linux-gnu/libpthread-2.27.so
7fb469614000-7fb469615000 rw-p 0001a000 08:01 268404                     /lib/x86_64-linux-gnu/libpthread-2.27.so
7fb469615000-7fb469619000 rw-p 00000000 00:00 0 
7fb469619000-7fb469640000 r-xp 00000000 08:01 268243                     /lib/x86_64-linux-gnu/ld-2.27.so
7fb469640000-7fb469642000 r--s 0000f000 08:01 422327                     /home/hooglander/Desktop/spark-2.4.3-bin-hadoop2.7/jars/curator-client-2.7.1.jar
7fb469642000-7fb46964c000 r--s 0009a000 08:01 422459                     /home/hooglander/Desktop/spark-2.4.3-bin-hadoop2.7/jars/scala-xml_2.11-1.0.5.jar
7fb46964c000-7fb469725000 rw-p 00000000 00:00 0 
7fb469725000-7fb469726000 ---p 00000000 00:00 0 
7fb469726000-7fb469729000 ---p 00000000 00:00 0 
7fb469729000-7fb46982a000 rw-p 00000000 00:00 0 
7fb46982a000-7fb46982b000 r--s 00009000 08:01 422462                     /home/hooglander/Desktop/spark-2.4.3-bin-hadoop2.7/jars/slf4j-api-1.7.16.jar
7fb46982b000-7fb46982d000 r--s 00238000 08:01 422504                     /home/hooglander/Desktop/spark-2.4.3-bin-hadoop2.7/jars/zstd-jni-1.3.2-2.jar
7fb46982d000-7fb46982f000 r--s 00003000 08:01 422390                     /home/hooglander/Desktop/spark-2.4.3-bin-hadoop2.7/jars/jcl-over-slf4j-1.7.16.jar
7fb46982f000-7fb469831000 r--s 00027000 08:01 422326                     /home/hooglander/Desktop/spark-2.4.3-bin-hadoop2.7/jars/core-1.1.2.jar
7fb469831000-7fb469836000 r--s 00027000 08:01 422295                     /home/hooglander/Desktop/spark-2.4.3-bin-hadoop2.7/jars/automaton-1.11-8.jar
7fb469836000-7fb46983e000 rw-s 00000000 08:01 566863                     /tmp/hsperfdata_hooglander/7547
7fb46983e000-7fb46983f000 rw-p 00000000 00:00 0 
7fb46983f000-7fb469840000 ---p 00000000 00:00 0 
7fb469840000-7fb469841000 r--p 00027000 08:01 268243                     /lib/x86_64-linux-gnu/ld-2.27.so
7fb469841000-7fb469842000 rw-p 00028000 08:01 268243                     /lib/x86_64-linux-gnu/ld-2.27.so
7fb469842000-7fb469843000 rw-p 00000000 00:00 0 
7ffe65c1a000-7ffe65c3c000 rw-p 00000000 00:00 0                          [stack]
7ffe65d7c000-7ffe65d7f000 r--p 00000000 00:00 0                          [vvar]
7ffe65d7f000-7ffe65d80000 r-xp 00000000 00:00 0                          [vdso]
ffffffffff600000-ffffffffff601000 r-xp 00000000 00:00 0                  [vsyscall]

VM Arguments:
jvm_args: -Xmx1g 
java_command: org.apache.spark.deploy.SparkSubmit --class org.apache.toree.Main --name Apache Toree /home/hooglander/.local/share/jupyter/kernels/apache_toree_scala/lib/toree-assembly-0.3.0-incubating.jar --profile /home/hooglander/.local/share/jupyter/runtime/kernel-b1653c83-4eb7-4366-b617-7e7a643b8c3f.json
java_class_path (initial): /home/hooglander/Desktop/spark-2.4.3-bin-hadoop2.7/conf/:/home/hooglander/Desktop/spark-2.4.3-bin-hadoop2.7/jars/automaton-1.11-8.jar:/home/hooglander/Desktop/spark-2.4.3-bin-hadoop2.7/jars/core-1.1.2.jar:/home/hooglander/Desktop/spark-2.4.3-bin-hadoop2.7/jars/scala-xml_2.11-1.0.5.jar:/home/hooglander/Desktop/spark-2.4.3-bin-hadoop2.7/jars/jcl-over-slf4j-1.7.16.jar:/home/hooglander/Desktop/spark-2.4.3-bin-hadoop2.7/jars/zookeeper-3.4.6.jar:/home/hooglander/Desktop/spark-2.4.3-bin-hadoop2.7/jars/univocity-parsers-2.7.3.jar:/home/hooglander/Desktop/spark-2.4.3-bin-hadoop2.7/jars/zstd-jni-1.3.2-2.jar:/home/hooglander/Desktop/spark-2.4.3-bin-hadoop2.7/jars/curator-client-2.7.1.jar:/home/hooglander/Desktop/spark-2.4.3-bin-hadoop2.7/jars/aopalliance-1.0.jar:/home/hooglander/Desktop/spark-2.4.3-bin-hadoop2.7/jars/hadoop-common-2.7.3.jar:/home/hooglander/Desktop/spark-2.4.3-bin-hadoop2.7/jars/guava-14.0.1.jar:/home/hooglander/Desktop/spark-2.4.3-bin-hadoop2.7/jars/hadoop-mapreduce-client-jobclient-2.7.3.jar:/home/hooglander/Desktop/spark-2.4.3-bin-hadoop2.7/jars/joda-time-2.9.3.jar:/home/hooglander/Desktop/spark-2.4.3-bin-hadoop2.7/jars/hk2-api-2.4.0-b34.jar:/home/hooglander/Desktop/spark-2.4.3-bin-hadoop2.7/jars/jersey-guava-2.22.2.jar:/home/hooglander/Desktop/spark-2.4.3-bin-hadoop2.7/jars/commons-httpclient-3.1.jar:/home/hooglander/Desktop/spark-2.4.3-bin-hadoop2.7/jars/xercesImpl-2.9.1.jar:/home/hooglander/Desktop/spark-2.4.3-bin-hadoop2.7/jars/shapeless_2.11-2.3.2.jar:/home/hooglander/Desktop/spark-2.4.3-bin-hadoop2.7/jars/stringtemplate-3.2.1.jar:/home/hooglander/Desktop/spark-2.4.3-bin-hadoop2.7/jars/commons-dbcp-1.4.jar:/home/hooglander/Desktop/spark-2.4.3-bin-hadoop2.7/jars/json4s-ast_2.11-3.5.3.jar:/home/hooglander/Desktop/spark-2.4.3-bin-hadoop2.7/jars/slf4j-api-1.7.16.jar:/home/hooglander/Desktop/spark-2.4.3-bin-hadoop2.7/jars/log4j-1.2.17.jar:/home/hooglander/Desktop/spark-2.4.3-bin-hadoop2.7/jars/spark-hive_2.11-2.4.3.jar:/home/hoo
Launcher Type: SUN_STANDARD

Environment Variables:
JAVA_HOME=/usr/lib/java/jdk1.8.0_221
PATH=/home/hooglander/anaconda3/bin:/usr/local/sbin:/usr/local/bin:/usr/sbin:/usr/bin:/sbin:/bin:/usr/games:/usr/local/games:/snap/bin:/usr/lib/java/jdk1.8.0_221/bin:/home/hooglander/Desktop/Hadoop/bin:/home/hooglander/Desktop/spark-2.4.3-bin-hadoop2.7/bin
USERNAME=hooglander
SHELL=/bin/bash
DISPLAY=:0

Signal Handlers:
SIGSEGV: [libjvm.so+0xad3d90], sa_mask[0]=11111111011111111101111111111110, sa_flags=SA_RESTART|SA_SIGINFO
SIGBUS: [libjvm.so+0xad3d90], sa_mask[0]=11111111011111111101111111111110, sa_flags=SA_RESTART|SA_SIGINFO
SIGFPE: [libjvm.so+0x90b8b0], sa_mask[0]=11111111011111111101111111111110, sa_flags=SA_RESTART|SA_SIGINFO
SIGPIPE: [libjvm.so+0x90b8b0], sa_mask[0]=11111111011111111101111111111110, sa_flags=SA_RESTART|SA_SIGINFO
SIGXFSZ: [libjvm.so+0x90b8b0], sa_mask[0]=11111111011111111101111111111110, sa_flags=SA_RESTART|SA_SIGINFO
SIGILL: [libjvm.so+0x90b8b0], sa_mask[0]=11111111011111111101111111111110, sa_flags=SA_RESTART|SA_SIGINFO
SIGUSR1: SIG_DFL, sa_mask[0]=00000000000000000000000000000000, sa_flags=none
SIGUSR2: [libjvm.so+0x90b780], sa_mask[0]=00000000000000000000000000000000, sa_flags=SA_RESTART|SA_SIGINFO
SIGHUP: [libjvm.so+0x90bda0], sa_mask[0]=11111111011111111101111111111110, sa_flags=SA_RESTART|SA_SIGINFO
SIGINT: [libjvm.so+0x90bda0], sa_mask[0]=11111111011111111101111111111110, sa_flags=SA_RESTART|SA_SIGINFO
SIGTERM: [libjvm.so+0x90bda0], sa_mask[0]=11111111011111111101111111111110, sa_flags=SA_RESTART|SA_SIGINFO
SIGQUIT: [libjvm.so+0x90bda0], sa_mask[0]=11111111011111111101111111111110, sa_flags=SA_RESTART|SA_SIGINFO


---------------  S Y S T E M  ---------------

OS:DISTRIB_ID=Ubuntu
DISTRIB_RELEASE=18.04
DISTRIB_CODENAME=bionic
DISTRIB_DESCRIPTION="Ubuntu 18.04.3 LTS"

uname:Linux 5.0.0-32-generic #34~18.04.2-Ubuntu SMP Thu Oct 10 10:36:02 UTC 2019 x86_64
libc:glibc 2.27 NPTL 2.27 
rlimit: STACK 8192k, CORE 0k, NPROC 15583, NOFILE 4096, AS infinity
load average:21,57 17,63 15,57

/proc/meminfo:
MemTotal:        4037104 kB
MemFree:          967144 kB
MemAvailable:     882564 kB
Buffers:            2184 kB
Cached:           196008 kB
SwapCached:          468 kB
Active:          2312436 kB
Inactive:         591720 kB
Active(anon):    2302472 kB
Inactive(anon):   562104 kB
Active(file):       9964 kB
Inactive(file):    29616 kB
Unevictable:          32 kB
Mlocked:              32 kB
SwapTotal:        728520 kB
SwapFree:             44 kB
Dirty:               256 kB
Writeback:             0 kB
AnonPages:       2705764 kB
Mapped:           149884 kB
Shmem:            158516 kB
KReclaimable:      28304 kB
Slab:              68620 kB
SReclaimable:      28304 kB
SUnreclaim:        40316 kB
KernelStack:       12912 kB
PageTables:        46648 kB
NFS_Unstable:          0 kB
Bounce:                0 kB
WritebackTmp:          0 kB
CommitLimit:     2747072 kB
Committed_AS:    8065900 kB
VmallocTotal:   34359738367 kB
VmallocUsed:           0 kB
VmallocChunk:          0 kB
Percpu:              592 kB
HardwareCorrupted:     0 kB
AnonHugePages:         0 kB
ShmemHugePages:        0 kB
ShmemPmdMapped:        0 kB
CmaTotal:              0 kB
CmaFree:               0 kB
HugePages_Total:       0
HugePages_Free:        0
HugePages_Rsvd:        0
HugePages_Surp:        0
Hugepagesize:       2048 kB
Hugetlb:               0 kB
DirectMap4k:      128960 kB
DirectMap2M:     4065280 kB

container (cgroup) information:
container_type: cgroupv1
cpu_cpuset_cpus: 0-1
cpu_memory_nodes: 0
active_processor_count: 2
cpu_quota: -1
cpu_period: 100000
cpu_shares: -1
memory_limit_in_bytes: -1
memory_and_swap_limit_in_bytes: -2
memory_soft_limit_in_bytes: -1
memory_usage_in_bytes: 2973945856
memory_max_usage_in_bytes: 14987264


CPU:total 2 (initial active 2) (2 cores per cpu, 1 threads per core) family 6 model 158 stepping 9, cmov, cx8, fxsr, mmx, sse, sse2, sse3, ssse3, sse4.1, sse4.2, popcnt, avx, avx2, aes, clmul, 3dnowpref, lzcnt, tsc, tscinvbit

/proc/cpuinfo:
processor	: 0
vendor_id	: GenuineIntel
cpu family	: 6
model		: 158
model name	: Intel(R) Core(TM) i7-7700HQ CPU @ 2.80GHz
stepping	: 9
cpu MHz		: 2807.996
cache size	: 6144 KB
physical id	: 0
siblings	: 2
core id		: 0
cpu cores	: 2
apicid		: 0
initial apicid	: 0
fpu		: yes
fpu_exception	: yes
cpuid level	: 22
wp		: yes
flags		: fpu vme de pse tsc msr pae mce cx8 apic sep mtrr pge mca cmov pat pse36 clflush mmx fxsr sse sse2 ht syscall nx rdtscp lm constant_tsc rep_good nopl xtopology nonstop_tsc cpuid tsc_known_freq pni pclmulqdq ssse3 cx16 sse4_1 sse4_2 x2apic movbe popcnt aes xsave avx rdrand hypervisor lahf_lm abm 3dnowprefetch pti avx2 rdseed clflushopt
bugs		: cpu_meltdown spectre_v1 spectre_v2 spec_store_bypass l1tf mds swapgs
bogomips	: 5615.99
clflush size	: 64
cache_alignment	: 64
address sizes	: 39 bits physical, 48 bits virtual
power management:

processor	: 1
vendor_id	: GenuineIntel
cpu family	: 6
model		: 158
model name	: Intel(R) Core(TM) i7-7700HQ CPU @ 2.80GHz
stepping	: 9
cpu MHz		: 2807.996
cache size	: 6144 KB
physical id	: 0
siblings	: 2
core id		: 1
cpu cores	: 2
apicid		: 1
initial apicid	: 1
fpu		: yes
fpu_exception	: yes
cpuid level	: 22
wp		: yes
flags		: fpu vme de pse tsc msr pae mce cx8 apic sep mtrr pge mca cmov pat pse36 clflush mmx fxsr sse sse2 ht syscall nx rdtscp lm constant_tsc rep_good nopl xtopology nonstop_tsc cpuid tsc_known_freq pni pclmulqdq ssse3 cx16 sse4_1 sse4_2 x2apic movbe popcnt aes xsave avx rdrand hypervisor lahf_lm abm 3dnowprefetch pti avx2 rdseed clflushopt
bugs		: cpu_meltdown spectre_v1 spectre_v2 spec_store_bypass l1tf mds swapgs
bogomips	: 5615.99
clflush size	: 64
cache_alignment	: 64
address sizes	: 39 bits physical, 48 bits virtual
power management:



Memory: 4k page, physical 4037104k(966892k free), swap 728520k(44k free)

vm_info: Java HotSpot(TM) 64-Bit Server VM (25.221-b11) for linux-amd64 JRE (1.8.0_221-b11), built on Jul  4 2019 04:27:00 by "java_re" with gcc 7.3.0

time: Sun Oct 27 13:41:33 2019
timezone: CET
elapsed time: 137 seconds (0d 0h 2m 17s)

